#
# A fatal error has been detected by the Java Runtime Environment:
#
#  SIGSEGV (0xb) at pc=0x000000018b957000, pid=97053, tid=40199
#
# JRE version: OpenJDK Runtime Environment Temurin-17.0.5+8 (17.0.5+8) (build 17.0.5+8)
# Java VM: OpenJDK 64-Bit Server VM Temurin-17.0.5+8 (17.0.5+8, mixed mode, tiered, compressed oops, compressed class ptrs, g1 gc, bsd-aarch64)
# Problematic frame:
# C  [libsystem_malloc.dylib+0x7000]  tiny_free_list_add_ptr+0x16c
#
# No core dump will be written. Core dumps have been disabled. To enable core dumping, try "ulimit -c unlimited" before starting Java again
#
# If you would like to submit a bug report, please visit:
#   https://github.com/adoptium/adoptium-support/issues
# The crash happened outside the Java Virtual Machine in native code.
# See problematic frame for where to report the bug.
#

---------------  S U M M A R Y ------------

Command Line: -agentlib:jdwp=transport=dt_socket,server=n,suspend=y,address=localhost:60193 -Djava.library.path=/Users/loafdog/frc/repos/RomiReference2023/build/jni/release -XX:+ShowCodeDetailsInExceptionMessages frc.robot.Main

Host: "MacBookAir10,1" arm64, 8 cores, 8G, Darwin 21.3.0, macOS 12.2.1 (21D62)
Time: Sun Jan 15 10:19:07 2023 EST elapsed time: 246.196477 seconds (0d 0h 4m 6s)

---------------  T H R E A D  ---------------

Current thread (0x000000012e8a2a00):  JavaThread "JDWP Transport Listener: dt_socket" daemon [_thread_in_native, id=40199, stack(0x000000016ceb4000,0x000000016d0b7000)]

Stack: [0x000000016ceb4000,0x000000016d0b7000],  sp=0x000000016d0b68a0,  free space=2058k
Native frames: (J=compiled Java code, j=interpreted, Vv=VM code, C=native code)
C  [libsystem_malloc.dylib+0x7000]  tiny_free_list_add_ptr+0x16c
C  [libsystem_malloc.dylib+0x67c8]  tiny_free_no_lock+0x230
C  [libsystem_malloc.dylib+0x6418]  free_tiny+0x1ac
C  [libhalsim_gui.dylib+0x2f720]  _ZN5glass18NetworkTablesModel11ValueSourceD2Ev+0x78
C  [libhalsim_gui.dylib+0x2f6e0]  _ZN5glass18NetworkTablesModel11ValueSourceD2Ev+0x38
C  [libhalsim_gui.dylib+0x2f6e0]  _ZN5glass18NetworkTablesModel11ValueSourceD2Ev+0x38
C  [libhalsim_gui.dylib+0x403d8]  _ZN3wpi8DenseMapIjNSt3__110unique_ptrIN5glass18NetworkTablesModel5EntryENS1_14default_deleteIS5_EEEENS_12DenseMapInfoIjvEENS_6detail12DenseMapPairIjS8_EEED2Ev+0x54
C  [libhalsim_gui.dylib+0x40214]  _ZN5glass18NetworkTablesModelD2Ev+0x64
C  [libhalsim_gui.dylib+0x352c4]  _ZN5glass18NetworkTablesModelD0Ev+0xc
C  [libhalsim_gui.dylib+0x1b3bc]  _ZNSt3__110unique_ptrIN5glass18NetworkTablesModelENS_14default_deleteIS2_EEED1Ev+0x28
C  [libsystem_c.dylib+0x2b7d8]  __cxa_finalize_ranges+0x1cc
C  [libsystem_c.dylib+0x2b580]  exit+0x2c
C  [libjdwp.dylib+0x10394]  set_event_notification+0x0
C  [libjdwp.dylib+0xbbf8]  doExit+0x64
C  [libjdwp.dylib+0x11b74]  debugLoop_run+0x1ec
C  [libjdwp.dylib+0x25018]  attachThread+0x78
V  [libjvm.dylib+0x6426b4]  _ZN16JvmtiAgentThread19call_start_functionEv+0x7c
V  [libjvm.dylib+0x9a7184]  _ZN10JavaThread17thread_main_innerEv+0x150
V  [libjvm.dylib+0x9a580c]  _ZN6Thread8call_runEv+0xe0
V  [libjvm.dylib+0x7c5e4c]  _ZL19thread_native_entryP6Thread+0x158
C  [libsystem_pthread.dylib+0x7240]  _pthread_start+0x94


siginfo: si_signo: 11 (SIGSEGV), si_code: 2 (SEGV_ACCERR), si_addr: 0x3746157030000008

Register to memory mapping:

 x0=0x0000000104dc0080 points into unknown readable memory: 0x0000000100000000 | 00 00 00 00 01 00 00 00
 x1=0x000000012909c8f0 points into unknown readable memory: 0x6374615703000000 | 00 00 00 03 57 61 74 63
 x2=0x00000001290e3c10 points into unknown readable memory: 0x000000011cfce390 | 90 e3 fc 1c 01 00 00 00
 x3=0x000000000000000b is an unknown value
 x4=0x0000000002004280 is an unknown value
 x5=0x0000000000000007 is an unknown value
 x6=0x0 is NULL
 x7=0x000000000000003e is an unknown value
 x8=0xc00000001290e3c1 is an unknown value
 x9=0x0000000129003f50 points into unknown readable memory: 0xfac4fac4c6be9888 | 88 98 be c6 c4 fa c4 fa
x10=0x00000000000dfb90 is an unknown value
x11=0x3746157030000000 is an unknown value
x12=0x000000003cdf509f is an unknown value
x13=0x0000000000007dec is an unknown value
x14=0x0000000104df3c70 points into unknown readable memory: 0x000000012de5fcc0 | c0 fc e5 2d 01 00 00 00
x15=0x00000000d07ccaa6 is an unknown value
x16=0x00000000d07cca5c is an unknown value
x17=0x0000000000004aaa is an unknown value
x18=0x0 is NULL
x19=0x0000000104dc0080 points into unknown readable memory: 0x0000000100000000 | 00 00 00 00 01 00 00 00
x20=0x000000000000000b is an unknown value
x21=0x0000000104df3c00 points into unknown readable memory: 0x0000000000009d06 | 06 9d 00 00 00 00 00 00
x22=0x0000000129000000 points into unknown readable memory: 0x000000012de00000 | 00 00 e0 2d 01 00 00 00
x23=0x00000001290e3c10 points into unknown readable memory: 0x000000011cfce390 | 90 e3 fc 1c 01 00 00 00
x24=0x000000000000000b is an unknown value
x25=0x0000000000000007 is an unknown value
x26=0x00000001290e3c10 points into unknown readable memory: 0x000000011cfce390 | 90 e3 fc 1c 01 00 00 00
x27=0x0 is NULL
x28=0x0000000000000001 is an unknown value


Registers:
 x0=0x0000000104dc0080  x1=0x000000012909c8f0  x2=0x00000001290e3c10  x3=0x000000000000000b
 x4=0x0000000002004280  x5=0x0000000000000007  x6=0x0000000000000000  x7=0x000000000000003e
 x8=0xc00000001290e3c1  x9=0x0000000129003f50 x10=0x00000000000dfb90 x11=0x3746157030000000
x12=0x000000003cdf509f x13=0x0000000000007dec x14=0x0000000104df3c70 x15=0x00000000d07ccaa6
x16=0x00000000d07cca5c x17=0x0000000000004aaa x18=0x0000000000000000 x19=0x0000000104dc0080
x20=0x000000000000000b x21=0x0000000104df3c00 x22=0x0000000129000000 x23=0x00000001290e3c10
x24=0x000000000000000b x25=0x0000000000000007 x26=0x00000001290e3c10 x27=0x0000000000000000
x28=0x0000000000000001  fp=0x000000016d0b68a0  lr=0x361800018b9567c8  sp=0x000000016d0b68a0
pc=0x000000018b957000 cpsr=0x0000000040001000
Top of Stack: (sp=0x000000016d0b68a0)
0x000000016d0b68a0:   000000016d0b6920 361800018b9567c8
0x000000016d0b68b0:   000000016d0b70e0 00000001290e3c80
0x000000016d0b68c0:   00000001290e3c10 0000000000000005
0x000000016d0b68d0:   0000000104df3c08 0000000000000007
0x000000016d0b68e0:   000000016d0b70e0 00000001290e3c10
0x000000016d0b68f0:   00000001290e3b60 0000000000000005
0x000000016d0b6900:   0000000129000000 0000000000000000
0x000000016d0b6910:   0000000104dc0080 0000000104df3c00
0x000000016d0b6920:   000000016d0b69a0 804580018b956418
0x000000016d0b6930:   0000000104dbc000 00000001290e3b60
0x000000016d0b6940:   000000016d0b69a0 000000008b951e48
0x000000016d0b6950:   0000000000000002 000000000000000c
0x000000016d0b6960:   000000000000000d 00000001e51a7000
0x000000016d0b6970:   0000000000000008 0000000000000000
0x000000016d0b6980:   00000001290e3b60 00000001290e3b60
0x000000016d0b6990:   00000001290e3b60 00000001290f9c98
0x000000016d0b69a0:   000000016d0b69d0 be0d00011cc9f720
0x000000016d0b69b0:   00000001290f9d40 00000001290f9bf0
0x000000016d0b69c0:   00000001290f9c98 000000012e1ab2a0
0x000000016d0b69d0:   000000016d0b6a00 000000011cc9f6e0
0x000000016d0b69e0:   000000012e1ab348 000000012e1ab000
0x000000016d0b69f0:   000000012e1ab2a0 00000001290be410
0x000000016d0b6a00:   000000016d0b6a30 000000011cc9f6e0
0x000000016d0b6a10:   000000012e0ce600 000000011f00b0b8
0x000000016d0b6a20:   0000000000000f50 000000012de7d300
0x000000016d0b6a30:   000000016d0b6a60 000000011ccb03d8
0x000000016d0b6a40:   000000012e0ce600 00000001e51a7000
0x000000016d0b6a50:   00000001e51a5cf0 000000012de7d2f0
0x000000016d0b6a60:   000000016d0b6a80 000000011ccb0214
0x000000016d0b6a70:   00000001e51a5cf0 000000011cfd80d0
0x000000016d0b6a80:   000000016d0b6a90 000000011cca52c4
0x000000016d0b6a90:   000000016d0b6ab0 000000011cc8b3bc 

Instructions: (pc=0x000000018b957000)
0x000000018b956f00:   0a2f022f b83059af 7100087f 54000083
0x000000018b956f10:   8b23504d 781fe1a3 14000002 35000043
0x000000018b956f20:   79002043 b5000109 52800029 1acb2129
0x000000018b956f30:   d3457d6d 8b2d482d b94829af 2a0901e9
0x000000018b956f40:   b90829a9 8b0b0989 5287e50d 8b0d0129
0x000000018b956f50:   7940012d b40005ad 531c6dab 5100416b
0x000000018b956f60:   8b080161 f9400028 93c8f10d 927cedab
0x000000018b956f70:   f9413c0c ca0c016f d348fdf0 0b0f0210
0x000000018b956f80:   d350fdf1 0b110210 d358fdf1 0b110210
0x000000018b956f90:   d360fdf1 0b110210 d368fdf1 0b110210
0x000000018b956fa0:   d370fdf1 0b110210 d378fdef 0b0f020f
0x000000018b956fb0:   4a0d01ed f2400dbf 540019a1 b4000c0b
0x000000018b956fc0:   ca020188 d348fd0c 0b08018c d350fd0d
0x000000018b956fd0:   0b0d018c d358fd0d 0b0d018c d360fd0d
0x000000018b956fe0:   0b0d018c d368fd0d 0b0d018c d370fd0d
0x000000018b956ff0:   0b0d018c d378fd08 0b080188 93c21108
0x000000018b957000:   f9000568 1400004f b9401988 3100051f
0x000000018b957010:   54000ea0 f94001cd b4000e8d f9444028
0x000000018b957020:   b4000e48 eb0c011f 54000e00 52800011
0x000000018b957030:   5280000f d2800010 5287e541 926cad03
0x000000018b957040:   8b0b0863 78616863 7100007f 9a880210
0x000000018b957050:   1a8301ef 71000e3f 540000c8 f9400508
0x000000018b957060:   b4000088 11000631 eb0c011f 54fffe81
0x000000018b957070:   72003dff 54000ba0 926cae08 12003def
0x000000018b957080:   531c6def 510041ef 8b2fc108 5288100f
0x000000018b957090:   ab0f010f 54000aa0 aa0f03e1 f8408c28
0x000000018b9570a0:   93c8f110 927cee0d f9413c0e ca0e01b1
0x000000018b9570b0:   d348fe23 0b110063 d350fe24 0b040063
0x000000018b9570c0:   d358fe24 0b040063 d360fe24 0b040063
0x000000018b9570d0:   d368fe24 0b040063 d370fe24 0b040063
0x000000018b9570e0:   d378fe31 0b110071 4a100230 f2400e1f
0x000000018b9570f0:   54000fe1 ca0201c8 d348fd0e 0b0801ce 


Stack slot to memory mapping:
stack at sp + 0 slots: 0x000000016d0b6920 is pointing into the stack for thread: 0x000000012e8a2a00
stack at sp + 1 slots: 0x361800018b9567c8: tiny_free_no_lock+0x230 in /usr/lib/system/libsystem_malloc.dylib at 0x000000018b950000
stack at sp + 2 slots: 0x000000016d0b70e0 points into unknown readable memory: 0x000000016d0b7000 | 00 70 0b 6d 01 00 00 00
stack at sp + 3 slots: 0x00000001290e3c80 points into unknown readable memory: 0xf000000012ded340 | 40 d3 de 12 00 00 00 f0
stack at sp + 4 slots: 0x00000001290e3c10 points into unknown readable memory: 0x000000011cfce390 | 90 e3 fc 1c 01 00 00 00
stack at sp + 5 slots: 0x0000000000000005 is an unknown value
stack at sp + 6 slots: 0x0000000104df3c08 points into unknown readable memory: 0x00000001290e3b60 | 60 3b 0e 29 01 00 00 00
stack at sp + 7 slots: 0x0000000000000007 is an unknown value


---------------  P R O C E S S  ---------------

Threads class SMR info:
_java_thread_list=0x000000012de60c90, length=16, elements={
0x000000012e00d600, 0x000000012e04bc00, 0x000000012e04e400, 0x000000012e051400,
0x000000011e00a200, 0x000000011e00ca00, 0x000000011b80a400, 0x000000011b80aa00,
0x000000011b813000, 0x000000012e8a2a00, 0x000000011b813600, 0x000000012e05a000,
0x000000012e050c00, 0x000000012e17aa00, 0x000000012b008200, 0x000000011b825400
}

Java Threads: ( => current thread )
  0x000000012e00d600 JavaThread "main" [_thread_in_native, id=259, stack(0x000000016a868000,0x000000016b064000)]
  0x000000012e04bc00 JavaThread "Reference Handler" daemon [_thread_blocked, id=17411, stack(0x000000016bd3c000,0x000000016bf3f000)]
  0x000000012e04e400 JavaThread "Finalizer" daemon [_thread_blocked, id=16899, stack(0x000000016bf48000,0x000000016c14b000)]
  0x000000012e051400 JavaThread "Signal Dispatcher" daemon [_thread_blocked, id=42755, stack(0x000000016c26c000,0x000000016c46f000)]
  0x000000011e00a200 JavaThread "Service Thread" daemon [_thread_blocked, id=42243, stack(0x000000016c478000,0x000000016c67b000)]
  0x000000011e00ca00 JavaThread "Monitor Deflation Thread" daemon [_thread_blocked, id=22787, stack(0x000000016c684000,0x000000016c887000)]
  0x000000011b80a400 JavaThread "C2 CompilerThread0" daemon [_thread_blocked, id=41475, stack(0x000000016c890000,0x000000016ca93000)]
  0x000000011b80aa00 JavaThread "C1 CompilerThread0" daemon [_thread_blocked, id=41219, stack(0x000000016ca9c000,0x000000016cc9f000)]
  0x000000011b813000 JavaThread "Sweeper thread" daemon [_thread_blocked, id=40707, stack(0x000000016cca8000,0x000000016ceab000)]
=>0x000000012e8a2a00 JavaThread "JDWP Transport Listener: dt_socket" daemon [_thread_in_native, id=40199, stack(0x000000016ceb4000,0x000000016d0b7000)]
  0x000000011b813600 JavaThread "JDWP Event Helper Thread" daemon [_thread_blocked, id=23299, stack(0x000000016d0c0000,0x000000016d2c3000)]
  0x000000012e05a000 JavaThread "Notification Thread" daemon [_thread_blocked, id=23811, stack(0x000000016d4d8000,0x000000016d6db000)]
  0x000000012e050c00 JavaThread "Common-Cleaner" daemon [_thread_blocked, id=24067, stack(0x000000016d8f0000,0x000000016daf3000)]
  0x000000012e17aa00 JavaThread "robot main" daemon [_thread_in_native, id=80899, stack(0x000000016dd2c000,0x000000016df2f000)]
  0x000000012b008200 JavaThread "Thread-0" daemon [_thread_in_native, id=62507, stack(0x000000016f980000,0x000000016fb83000)]
  0x000000011b825400 JavaThread "MotorSafety Thread" daemon [_thread_in_native, id=72015, stack(0x00000002824ac000,0x00000002826af000)]

Other Threads:
  0x000000012df51650 VMThread "VM Thread" [stack: 0x000000016bb30000,0x000000016bd33000] [id=15107]
  0x000000011df11970 WatcherThread [stack: 0x000000016d6e4000,0x000000016d8e7000] [id=38915]
  0x000000012de2b690 GCTaskThread "GC Thread#0" [stack: 0x000000016b0f4000,0x000000016b2f7000] [id=12035]
  0x00000001290f68a0 GCTaskThread "GC Thread#1" [stack: 0x0000000282744000,0x0000000282947000] [id=43319]
  0x000000029be6ea50 GCTaskThread "GC Thread#2" [stack: 0x0000000282950000,0x0000000282b53000] [id=70155]
  0x000000029be301b0 GCTaskThread "GC Thread#3" [stack: 0x0000000282b5c000,0x0000000282d5f000] [id=69383]
  0x000000029be69890 GCTaskThread "GC Thread#4" [stack: 0x0000000282d68000,0x0000000282f6b000] [id=62979]
  0x000000012de2c540 ConcurrentGCThread "G1 Main Marker" [stack: 0x000000016b300000,0x000000016b503000] [id=19715]
  0x000000012de2d310 ConcurrentGCThread "G1 Conc#0" [stack: 0x000000016b50c000,0x000000016b70f000] [id=12547]
  0x000000012df23c80 ConcurrentGCThread "G1 Refine#0" [stack: 0x000000016b718000,0x000000016b91b000] [id=18947]
  0x000000012df249c0 ConcurrentGCThread "G1 Service" [stack: 0x000000016b924000,0x000000016bb27000] [id=13571]

Threads with active compile tasks:

VM state: not at safepoint (normal execution)

VM Mutex/Monitor currently owned by a thread: None

Heap address: 0x0000000780000000, size: 2048 MB, Compressed Oops mode: Zero based, Oop shift amount: 3

CDS archive(s) not mapped
Compressed class space mapped at: 0x0000000800000000-0x0000000840000000, reserved size: 1073741824
Narrow klass base: 0x0000000800000000, Narrow klass shift: 0, Narrow klass range: 0x40000000

GC Precious Log:
 CPUs: 8 total, 8 available
 Memory: 8192M
 Large Page Support: Disabled
 NUMA Support: Disabled
 Compressed Oops: Enabled (Zero based)
 Heap Region Size: 1M
 Heap Min Capacity: 8M
 Heap Initial Capacity: 128M
 Heap Max Capacity: 2G
 Pre-touch: Disabled
 Parallel Workers: 8
 Concurrent Workers: 2
 Concurrent Refinement Workers: 8
 Periodic GC: Disabled

Heap:
 garbage-first heap   total 131072K, used 2389K [0x0000000780000000, 0x0000000800000000)
  region size 1024K, 4 young (4096K), 2 survivors (2048K)
 Metaspace       used 7741K, committed 7936K, reserved 1056768K
  class space    used 710K, committed 832K, reserved 1048576K

Heap Regions: E=young(eden), S=young(survivor), O=old, HS=humongous(starts), HC=humongous(continues), CS=collection set, F=free, OA=open archive, CA=closed archive, TAMS=top-at-mark-start (previous, next)
|   0|0x0000000780000000, 0x0000000780000000, 0x0000000780100000|  0%| F|  |TAMS 0x0000000780000000, 0x0000000780000000| Untracked 
|   1|0x0000000780100000, 0x0000000780100000, 0x0000000780200000|  0%| F|  |TAMS 0x0000000780100000, 0x0000000780100000| Untracked 
|   2|0x0000000780200000, 0x0000000780200000, 0x0000000780300000|  0%| F|  |TAMS 0x0000000780200000, 0x0000000780200000| Untracked 
|   3|0x0000000780300000, 0x0000000780300000, 0x0000000780400000|  0%| F|  |TAMS 0x0000000780300000, 0x0000000780300000| Untracked 
|   4|0x0000000780400000, 0x0000000780400000, 0x0000000780500000|  0%| F|  |TAMS 0x0000000780400000, 0x0000000780400000| Untracked 
|   5|0x0000000780500000, 0x0000000780500000, 0x0000000780600000|  0%| F|  |TAMS 0x0000000780500000, 0x0000000780500000| Untracked 
|   6|0x0000000780600000, 0x0000000780600000, 0x0000000780700000|  0%| F|  |TAMS 0x0000000780600000, 0x0000000780600000| Untracked 
|   7|0x0000000780700000, 0x0000000780700000, 0x0000000780800000|  0%| F|  |TAMS 0x0000000780700000, 0x0000000780700000| Untracked 
|   8|0x0000000780800000, 0x0000000780800000, 0x0000000780900000|  0%| F|  |TAMS 0x0000000780800000, 0x0000000780800000| Untracked 
|   9|0x0000000780900000, 0x0000000780900000, 0x0000000780a00000|  0%| F|  |TAMS 0x0000000780900000, 0x0000000780900000| Untracked 
|  10|0x0000000780a00000, 0x0000000780a00000, 0x0000000780b00000|  0%| F|  |TAMS 0x0000000780a00000, 0x0000000780a00000| Untracked 
|  11|0x0000000780b00000, 0x0000000780b00000, 0x0000000780c00000|  0%| F|  |TAMS 0x0000000780b00000, 0x0000000780b00000| Untracked 
|  12|0x0000000780c00000, 0x0000000780c00000, 0x0000000780d00000|  0%| F|  |TAMS 0x0000000780c00000, 0x0000000780c00000| Untracked 
|  13|0x0000000780d00000, 0x0000000780d00000, 0x0000000780e00000|  0%| F|  |TAMS 0x0000000780d00000, 0x0000000780d00000| Untracked 
|  14|0x0000000780e00000, 0x0000000780e00000, 0x0000000780f00000|  0%| F|  |TAMS 0x0000000780e00000, 0x0000000780e00000| Untracked 
|  15|0x0000000780f00000, 0x0000000780f00000, 0x0000000781000000|  0%| F|  |TAMS 0x0000000780f00000, 0x0000000780f00000| Untracked 
|  16|0x0000000781000000, 0x0000000781000000, 0x0000000781100000|  0%| F|  |TAMS 0x0000000781000000, 0x0000000781000000| Untracked 
|  17|0x0000000781100000, 0x0000000781100000, 0x0000000781200000|  0%| F|  |TAMS 0x0000000781100000, 0x0000000781100000| Untracked 
|  18|0x0000000781200000, 0x0000000781200000, 0x0000000781300000|  0%| F|  |TAMS 0x0000000781200000, 0x0000000781200000| Untracked 
|  19|0x0000000781300000, 0x0000000781300000, 0x0000000781400000|  0%| F|  |TAMS 0x0000000781300000, 0x0000000781300000| Untracked 
|  20|0x0000000781400000, 0x0000000781400000, 0x0000000781500000|  0%| F|  |TAMS 0x0000000781400000, 0x0000000781400000| Untracked 
|  21|0x0000000781500000, 0x0000000781500000, 0x0000000781600000|  0%| F|  |TAMS 0x0000000781500000, 0x0000000781500000| Untracked 
|  22|0x0000000781600000, 0x0000000781600000, 0x0000000781700000|  0%| F|  |TAMS 0x0000000781600000, 0x0000000781600000| Untracked 
|  23|0x0000000781700000, 0x0000000781700000, 0x0000000781800000|  0%| F|  |TAMS 0x0000000781700000, 0x0000000781700000| Untracked 
|  24|0x0000000781800000, 0x0000000781800000, 0x0000000781900000|  0%| F|  |TAMS 0x0000000781800000, 0x0000000781800000| Untracked 
|  25|0x0000000781900000, 0x0000000781900000, 0x0000000781a00000|  0%| F|  |TAMS 0x0000000781900000, 0x0000000781900000| Untracked 
|  26|0x0000000781a00000, 0x0000000781a00000, 0x0000000781b00000|  0%| F|  |TAMS 0x0000000781a00000, 0x0000000781a00000| Untracked 
|  27|0x0000000781b00000, 0x0000000781b00000, 0x0000000781c00000|  0%| F|  |TAMS 0x0000000781b00000, 0x0000000781b00000| Untracked 
|  28|0x0000000781c00000, 0x0000000781c00000, 0x0000000781d00000|  0%| F|  |TAMS 0x0000000781c00000, 0x0000000781c00000| Untracked 
|  29|0x0000000781d00000, 0x0000000781d00000, 0x0000000781e00000|  0%| F|  |TAMS 0x0000000781d00000, 0x0000000781d00000| Untracked 
|  30|0x0000000781e00000, 0x0000000781e00000, 0x0000000781f00000|  0%| F|  |TAMS 0x0000000781e00000, 0x0000000781e00000| Untracked 
|  31|0x0000000781f00000, 0x0000000781f00000, 0x0000000782000000|  0%| F|  |TAMS 0x0000000781f00000, 0x0000000781f00000| Untracked 
|  32|0x0000000782000000, 0x0000000782000000, 0x0000000782100000|  0%| F|  |TAMS 0x0000000782000000, 0x0000000782000000| Untracked 
|  33|0x0000000782100000, 0x0000000782100000, 0x0000000782200000|  0%| F|  |TAMS 0x0000000782100000, 0x0000000782100000| Untracked 
|  34|0x0000000782200000, 0x0000000782200000, 0x0000000782300000|  0%| F|  |TAMS 0x0000000782200000, 0x0000000782200000| Untracked 
|  35|0x0000000782300000, 0x0000000782300000, 0x0000000782400000|  0%| F|  |TAMS 0x0000000782300000, 0x0000000782300000| Untracked 
|  36|0x0000000782400000, 0x0000000782400000, 0x0000000782500000|  0%| F|  |TAMS 0x0000000782400000, 0x0000000782400000| Untracked 
|  37|0x0000000782500000, 0x0000000782500000, 0x0000000782600000|  0%| F|  |TAMS 0x0000000782500000, 0x0000000782500000| Untracked 
|  38|0x0000000782600000, 0x0000000782600000, 0x0000000782700000|  0%| F|  |TAMS 0x0000000782600000, 0x0000000782600000| Untracked 
|  39|0x0000000782700000, 0x0000000782700000, 0x0000000782800000|  0%| F|  |TAMS 0x0000000782700000, 0x0000000782700000| Untracked 
|  40|0x0000000782800000, 0x0000000782800000, 0x0000000782900000|  0%| F|  |TAMS 0x0000000782800000, 0x0000000782800000| Untracked 
|  41|0x0000000782900000, 0x0000000782900000, 0x0000000782a00000|  0%| F|  |TAMS 0x0000000782900000, 0x0000000782900000| Untracked 
|  42|0x0000000782a00000, 0x0000000782a00000, 0x0000000782b00000|  0%| F|  |TAMS 0x0000000782a00000, 0x0000000782a00000| Untracked 
|  43|0x0000000782b00000, 0x0000000782b00000, 0x0000000782c00000|  0%| F|  |TAMS 0x0000000782b00000, 0x0000000782b00000| Untracked 
|  44|0x0000000782c00000, 0x0000000782c00000, 0x0000000782d00000|  0%| F|  |TAMS 0x0000000782c00000, 0x0000000782c00000| Untracked 
|  45|0x0000000782d00000, 0x0000000782d00000, 0x0000000782e00000|  0%| F|  |TAMS 0x0000000782d00000, 0x0000000782d00000| Untracked 
|  46|0x0000000782e00000, 0x0000000782e00000, 0x0000000782f00000|  0%| F|  |TAMS 0x0000000782e00000, 0x0000000782e00000| Untracked 
|  47|0x0000000782f00000, 0x0000000782f00000, 0x0000000783000000|  0%| F|  |TAMS 0x0000000782f00000, 0x0000000782f00000| Untracked 
|  48|0x0000000783000000, 0x0000000783000000, 0x0000000783100000|  0%| F|  |TAMS 0x0000000783000000, 0x0000000783000000| Untracked 
|  49|0x0000000783100000, 0x0000000783100000, 0x0000000783200000|  0%| F|  |TAMS 0x0000000783100000, 0x0000000783100000| Untracked 
|  50|0x0000000783200000, 0x0000000783200000, 0x0000000783300000|  0%| F|  |TAMS 0x0000000783200000, 0x0000000783200000| Untracked 
|  51|0x0000000783300000, 0x0000000783300000, 0x0000000783400000|  0%| F|  |TAMS 0x0000000783300000, 0x0000000783300000| Untracked 
|  52|0x0000000783400000, 0x0000000783400000, 0x0000000783500000|  0%| F|  |TAMS 0x0000000783400000, 0x0000000783400000| Untracked 
|  53|0x0000000783500000, 0x0000000783500000, 0x0000000783600000|  0%| F|  |TAMS 0x0000000783500000, 0x0000000783500000| Untracked 
|  54|0x0000000783600000, 0x0000000783600000, 0x0000000783700000|  0%| F|  |TAMS 0x0000000783600000, 0x0000000783600000| Untracked 
|  55|0x0000000783700000, 0x0000000783700000, 0x0000000783800000|  0%| F|  |TAMS 0x0000000783700000, 0x0000000783700000| Untracked 
|  56|0x0000000783800000, 0x0000000783800000, 0x0000000783900000|  0%| F|  |TAMS 0x0000000783800000, 0x0000000783800000| Untracked 
|  57|0x0000000783900000, 0x0000000783900000, 0x0000000783a00000|  0%| F|  |TAMS 0x0000000783900000, 0x0000000783900000| Untracked 
|  58|0x0000000783a00000, 0x0000000783a00000, 0x0000000783b00000|  0%| F|  |TAMS 0x0000000783a00000, 0x0000000783a00000| Untracked 
|  59|0x0000000783b00000, 0x0000000783b00000, 0x0000000783c00000|  0%| F|  |TAMS 0x0000000783b00000, 0x0000000783b00000| Untracked 
|  60|0x0000000783c00000, 0x0000000783c00000, 0x0000000783d00000|  0%| F|  |TAMS 0x0000000783c00000, 0x0000000783c00000| Untracked 
|  61|0x0000000783d00000, 0x0000000783d00000, 0x0000000783e00000|  0%| F|  |TAMS 0x0000000783d00000, 0x0000000783d00000| Untracked 
|  62|0x0000000783e00000, 0x0000000783e00000, 0x0000000783f00000|  0%| F|  |TAMS 0x0000000783e00000, 0x0000000783e00000| Untracked 
|  63|0x0000000783f00000, 0x0000000783f00000, 0x0000000784000000|  0%| F|  |TAMS 0x0000000783f00000, 0x0000000783f00000| Untracked 
|  64|0x0000000784000000, 0x0000000784000000, 0x0000000784100000|  0%| F|  |TAMS 0x0000000784000000, 0x0000000784000000| Untracked 
|  65|0x0000000784100000, 0x0000000784100000, 0x0000000784200000|  0%| F|  |TAMS 0x0000000784100000, 0x0000000784100000| Untracked 
|  66|0x0000000784200000, 0x0000000784200000, 0x0000000784300000|  0%| F|  |TAMS 0x0000000784200000, 0x0000000784200000| Untracked 
|  67|0x0000000784300000, 0x0000000784300000, 0x0000000784400000|  0%| F|  |TAMS 0x0000000784300000, 0x0000000784300000| Untracked 
|  68|0x0000000784400000, 0x0000000784400000, 0x0000000784500000|  0%| F|  |TAMS 0x0000000784400000, 0x0000000784400000| Untracked 
|  69|0x0000000784500000, 0x0000000784500000, 0x0000000784600000|  0%| F|  |TAMS 0x0000000784500000, 0x0000000784500000| Untracked 
|  70|0x0000000784600000, 0x0000000784600000, 0x0000000784700000|  0%| F|  |TAMS 0x0000000784600000, 0x0000000784600000| Untracked 
|  71|0x0000000784700000, 0x0000000784700000, 0x0000000784800000|  0%| F|  |TAMS 0x0000000784700000, 0x0000000784700000| Untracked 
|  72|0x0000000784800000, 0x0000000784800000, 0x0000000784900000|  0%| F|  |TAMS 0x0000000784800000, 0x0000000784800000| Untracked 
|  73|0x0000000784900000, 0x0000000784900000, 0x0000000784a00000|  0%| F|  |TAMS 0x0000000784900000, 0x0000000784900000| Untracked 
|  74|0x0000000784a00000, 0x0000000784a00000, 0x0000000784b00000|  0%| F|  |TAMS 0x0000000784a00000, 0x0000000784a00000| Untracked 
|  75|0x0000000784b00000, 0x0000000784b00000, 0x0000000784c00000|  0%| F|  |TAMS 0x0000000784b00000, 0x0000000784b00000| Untracked 
|  76|0x0000000784c00000, 0x0000000784c00000, 0x0000000784d00000|  0%| F|  |TAMS 0x0000000784c00000, 0x0000000784c00000| Untracked 
|  77|0x0000000784d00000, 0x0000000784d00000, 0x0000000784e00000|  0%| F|  |TAMS 0x0000000784d00000, 0x0000000784d00000| Untracked 
|  78|0x0000000784e00000, 0x0000000784e00000, 0x0000000784f00000|  0%| F|  |TAMS 0x0000000784e00000, 0x0000000784e00000| Untracked 
|  79|0x0000000784f00000, 0x0000000784f00000, 0x0000000785000000|  0%| F|  |TAMS 0x0000000784f00000, 0x0000000784f00000| Untracked 
|  80|0x0000000785000000, 0x0000000785000000, 0x0000000785100000|  0%| F|  |TAMS 0x0000000785000000, 0x0000000785000000| Untracked 
|  81|0x0000000785100000, 0x0000000785100000, 0x0000000785200000|  0%| F|  |TAMS 0x0000000785100000, 0x0000000785100000| Untracked 
|  82|0x0000000785200000, 0x0000000785200000, 0x0000000785300000|  0%| F|  |TAMS 0x0000000785200000, 0x0000000785200000| Untracked 
|  83|0x0000000785300000, 0x0000000785300000, 0x0000000785400000|  0%| F|  |TAMS 0x0000000785300000, 0x0000000785300000| Untracked 
|  84|0x0000000785400000, 0x0000000785400000, 0x0000000785500000|  0%| F|  |TAMS 0x0000000785400000, 0x0000000785400000| Untracked 
|  85|0x0000000785500000, 0x0000000785500000, 0x0000000785600000|  0%| F|  |TAMS 0x0000000785500000, 0x0000000785500000| Untracked 
|  86|0x0000000785600000, 0x0000000785600000, 0x0000000785700000|  0%| F|  |TAMS 0x0000000785600000, 0x0000000785600000| Untracked 
|  87|0x0000000785700000, 0x0000000785700000, 0x0000000785800000|  0%| F|  |TAMS 0x0000000785700000, 0x0000000785700000| Untracked 
|  88|0x0000000785800000, 0x0000000785800000, 0x0000000785900000|  0%| F|  |TAMS 0x0000000785800000, 0x0000000785800000| Untracked 
|  89|0x0000000785900000, 0x0000000785900000, 0x0000000785a00000|  0%| F|  |TAMS 0x0000000785900000, 0x0000000785900000| Untracked 
|  90|0x0000000785a00000, 0x0000000785a00000, 0x0000000785b00000|  0%| F|  |TAMS 0x0000000785a00000, 0x0000000785a00000| Untracked 
|  91|0x0000000785b00000, 0x0000000785b00000, 0x0000000785c00000|  0%| F|  |TAMS 0x0000000785b00000, 0x0000000785b00000| Untracked 
|  92|0x0000000785c00000, 0x0000000785c00000, 0x0000000785d00000|  0%| F|  |TAMS 0x0000000785c00000, 0x0000000785c00000| Untracked 
|  93|0x0000000785d00000, 0x0000000785d00000, 0x0000000785e00000|  0%| F|  |TAMS 0x0000000785d00000, 0x0000000785d00000| Untracked 
|  94|0x0000000785e00000, 0x0000000785e00000, 0x0000000785f00000|  0%| F|  |TAMS 0x0000000785e00000, 0x0000000785e00000| Untracked 
|  95|0x0000000785f00000, 0x0000000785f00000, 0x0000000786000000|  0%| F|  |TAMS 0x0000000785f00000, 0x0000000785f00000| Untracked 
|  96|0x0000000786000000, 0x0000000786000000, 0x0000000786100000|  0%| F|  |TAMS 0x0000000786000000, 0x0000000786000000| Untracked 
|  97|0x0000000786100000, 0x0000000786100000, 0x0000000786200000|  0%| F|  |TAMS 0x0000000786100000, 0x0000000786100000| Untracked 
|  98|0x0000000786200000, 0x0000000786200000, 0x0000000786300000|  0%| F|  |TAMS 0x0000000786200000, 0x0000000786200000| Untracked 
|  99|0x0000000786300000, 0x0000000786300000, 0x0000000786400000|  0%| F|  |TAMS 0x0000000786300000, 0x0000000786300000| Untracked 
| 100|0x0000000786400000, 0x0000000786400000, 0x0000000786500000|  0%| F|  |TAMS 0x0000000786400000, 0x0000000786400000| Untracked 
| 101|0x0000000786500000, 0x0000000786500000, 0x0000000786600000|  0%| F|  |TAMS 0x0000000786500000, 0x0000000786500000| Untracked 
| 102|0x0000000786600000, 0x0000000786600000, 0x0000000786700000|  0%| F|  |TAMS 0x0000000786600000, 0x0000000786600000| Untracked 
| 103|0x0000000786700000, 0x0000000786755540, 0x0000000786800000| 33%| S|CS|TAMS 0x0000000786700000, 0x0000000786700000| Complete 
| 104|0x0000000786800000, 0x0000000786900000, 0x0000000786900000|100%| S|CS|TAMS 0x0000000786800000, 0x0000000786800000| Complete 
| 105|0x0000000786900000, 0x0000000786900000, 0x0000000786a00000|  0%| F|  |TAMS 0x0000000786900000, 0x0000000786900000| Untracked 
| 106|0x0000000786a00000, 0x0000000786a00000, 0x0000000786b00000|  0%| F|  |TAMS 0x0000000786a00000, 0x0000000786a00000| Untracked 
| 107|0x0000000786b00000, 0x0000000786b00000, 0x0000000786c00000|  0%| F|  |TAMS 0x0000000786b00000, 0x0000000786b00000| Untracked 
| 108|0x0000000786c00000, 0x0000000786c00000, 0x0000000786d00000|  0%| F|  |TAMS 0x0000000786c00000, 0x0000000786c00000| Untracked 
| 109|0x0000000786d00000, 0x0000000786d00000, 0x0000000786e00000|  0%| F|  |TAMS 0x0000000786d00000, 0x0000000786d00000| Untracked 
| 110|0x0000000786e00000, 0x0000000786e00000, 0x0000000786f00000|  0%| F|  |TAMS 0x0000000786e00000, 0x0000000786e00000| Untracked 
| 111|0x0000000786f00000, 0x0000000786f00000, 0x0000000787000000|  0%| F|  |TAMS 0x0000000786f00000, 0x0000000786f00000| Untracked 
| 112|0x0000000787000000, 0x0000000787000000, 0x0000000787100000|  0%| F|  |TAMS 0x0000000787000000, 0x0000000787000000| Untracked 
| 113|0x0000000787100000, 0x0000000787100000, 0x0000000787200000|  0%| F|  |TAMS 0x0000000787100000, 0x0000000787100000| Untracked 
| 114|0x0000000787200000, 0x0000000787200000, 0x0000000787300000|  0%| F|  |TAMS 0x0000000787200000, 0x0000000787200000| Untracked 
| 115|0x0000000787300000, 0x0000000787300000, 0x0000000787400000|  0%| F|  |TAMS 0x0000000787300000, 0x0000000787300000| Untracked 
| 116|0x0000000787400000, 0x0000000787400000, 0x0000000787500000|  0%| F|  |TAMS 0x0000000787400000, 0x0000000787400000| Untracked 
| 117|0x0000000787500000, 0x0000000787500000, 0x0000000787600000|  0%| F|  |TAMS 0x0000000787500000, 0x0000000787500000| Untracked 
| 118|0x0000000787600000, 0x0000000787600000, 0x0000000787700000|  0%| F|  |TAMS 0x0000000787600000, 0x0000000787600000| Untracked 
| 119|0x0000000787700000, 0x0000000787700000, 0x0000000787800000|  0%| F|  |TAMS 0x0000000787700000, 0x0000000787700000| Untracked 
| 120|0x0000000787800000, 0x0000000787800000, 0x0000000787900000|  0%| F|  |TAMS 0x0000000787800000, 0x0000000787800000| Untracked 
| 121|0x0000000787900000, 0x0000000787900000, 0x0000000787a00000|  0%| F|  |TAMS 0x0000000787900000, 0x0000000787900000| Untracked 
| 122|0x0000000787a00000, 0x0000000787a00000, 0x0000000787b00000|  0%| F|  |TAMS 0x0000000787a00000, 0x0000000787a00000| Untracked 
| 123|0x0000000787b00000, 0x0000000787b00000, 0x0000000787c00000|  0%| F|  |TAMS 0x0000000787b00000, 0x0000000787b00000| Untracked 
| 124|0x0000000787c00000, 0x0000000787c00000, 0x0000000787d00000|  0%| F|  |TAMS 0x0000000787c00000, 0x0000000787c00000| Untracked 
| 125|0x0000000787d00000, 0x0000000787d00000, 0x0000000787e00000|  0%| F|  |TAMS 0x0000000787d00000, 0x0000000787d00000| Untracked 
| 126|0x0000000787e00000, 0x0000000787e80800, 0x0000000787f00000| 50%| E|  |TAMS 0x0000000787e00000, 0x0000000787e00000| Complete 
| 127|0x0000000787f00000, 0x0000000788000000, 0x0000000788000000|100%| E|CS|TAMS 0x0000000787f00000, 0x0000000787f00000| Complete 

Card table byte_map: [0x00000001096a8000,0x0000000109aa8000] _byte_map_base: 0x0000000105aa8000

Marking Bits (Prev, Next): (CMBitMap*) 0x000000012e01d410, (CMBitMap*) 0x000000012e01d450
 Prev Bits: [0x0000000112aa0000, 0x0000000114aa0000)
 Next Bits: [0x0000000114aa0000, 0x0000000116aa0000)

Polling page: 0x0000000104fd4000

Metaspace:

Usage:
  Non-class:      6.87 MB used.
      Class:    710.37 KB used.
       Both:      7.56 MB used.

Virtual space:
  Non-class space:        8.00 MB reserved,       6.94 MB ( 87%) committed,  1 nodes.
      Class space:        1.00 GB reserved,     832.00 KB ( <1%) committed,  1 nodes.
             Both:        1.01 GB reserved,       7.75 MB ( <1%) committed. 

Chunk freelists:
   Non-Class:  352.00 KB
       Class:  3.05 MB
        Both:  3.39 MB

MaxMetaspaceSize: unlimited
CompressedClassSpaceSize: 1.00 GB
Initial GC threshold: 21.00 MB
Current GC threshold: 21.00 MB
CDS: off
MetaspaceReclaimPolicy: balanced
 - commit_granule_bytes: 65536.
 - commit_granule_words: 8192.
 - virtual_space_node_default_size: 1048576.
 - enlarge_chunks_in_place: 1.
 - new_chunks_are_fully_committed: 0.
 - uncommit_free_chunks: 1.
 - use_allocation_guard: 0.
 - handle_deallocations: 1.


Internal statistics:

num_allocs_failed_limit: 0.
num_arena_births: 88.
num_arena_deaths: 0.
num_vsnodes_births: 2.
num_vsnodes_deaths: 0.
num_space_committed: 124.
num_space_uncommitted: 0.
num_chunks_returned_to_freelist: 0.
num_chunks_taken_from_freelist: 189.
num_chunk_merges: 0.
num_chunk_splits: 107.
num_chunks_enlarged: 68.
num_purges: 0.
num_inconsistent_stats: 0.

CodeHeap 'non-profiled nmethods': size=120032Kb used=668Kb max_used=668Kb free=119364Kb
 bounds [0x000000013fac8000, 0x000000013fd38000, 0x0000000147000000]
CodeHeap 'profiled nmethods': size=120016Kb used=1755Kb max_used=1755Kb free=118260Kb
 bounds [0x0000000138594000, 0x0000000138804000, 0x000000013fac8000]
CodeHeap 'non-nmethods': size=5712Kb used=1171Kb max_used=1294Kb free=4540Kb
 bounds [0x0000000138000000, 0x0000000138270000, 0x0000000138594000]
 total_blobs=1384 nmethods=948 adapters=353
 compilation: enabled
              stopped_count=0, restarted_count=0
 full_count=0

Compilation events (20 events):
Event: 216.433 Thread 0x000000011b80aa00  942       3       java.lang.Class::getSimpleName (26 bytes)
Event: 216.433 Thread 0x000000011b80aa00 nmethod 942 0x000000013874a790 code [0x000000013874a940, 0x000000013874abc8]
Event: 226.609 Thread 0x000000011b80a400  943       4       edu.wpi.first.math.controller.PIDController$$Lambda$28/0x00000008000ab998::getAsDouble (8 bytes)
Event: 226.610 Thread 0x000000011b80a400 nmethod 943 0x000000013fb67110 code [0x000000013fb67280, 0x000000013fb67330]
Event: 229.173 Thread 0x000000011b80a400  944       4       edu.wpi.first.math.controller.PIDController$$Lambda$34/0x00000008000b1138::getAsDouble (8 bytes)
Event: 229.173 Thread 0x000000011b80a400 nmethod 944 0x000000013fb67410 code [0x000000013fb67580, 0x000000013fb67630]
Event: 233.033 Thread 0x000000011b80a400  945       4       java.util.ImmutableCollections$Set12$1::hasNext (13 bytes)
Event: 233.033 Thread 0x000000011b80a400 nmethod 945 0x000000013fb67710 code [0x000000013fb67880, 0x000000013fb67920]
Event: 235.170 Thread 0x000000011b80a400  946       4       java.util.Set::of (68 bytes)
Event: 235.177 Thread 0x000000011b80a400 nmethod 946 0x000000013fb67a10 code [0x000000013fb67cc0, 0x000000013fb68a00]
Event: 236.110 Thread 0x000000011b80a400  947       4       java.util.HashSet::contains (9 bytes)
Event: 236.111 Thread 0x000000011b80a400 nmethod 947 0x000000013fb69010 code [0x000000013fb691c0, 0x000000013fb69510]
Event: 236.951 Thread 0x000000011b80a400  948       4       java.util.ImmutableCollections$Set12$1::next (95 bytes)
Event: 236.951 Thread 0x000000011b80a400 nmethod 948 0x000000013fb69810 code [0x000000013fb699c0, 0x000000013fb69b10]
Event: 239.253 Thread 0x000000011b80a400  949       4       java.util.ImmutableCollections$Set12::iterator (9 bytes)
Event: 239.253 Thread 0x000000011b80a400 nmethod 949 0x000000013fb69c10 code [0x000000013fb69dc0, 0x000000013fb69ef0]
Event: 243.132 Thread 0x000000011b80a400  950       4       java.util.Collections$SetFromMap::contains (11 bytes)
Event: 243.134 Thread 0x000000011b80a400 nmethod 950 0x000000013fb69f90 code [0x000000013fb6a180, 0x000000013fb6a520]
Event: 243.293 Thread 0x000000011b80a400  951       4       edu.wpi.first.wpilibj2.command.CommandScheduler::schedule (225 bytes)
Event: 243.321 Thread 0x000000011b80a400 nmethod 951 0x000000013fb6a910 code [0x000000013fb6af00, 0x000000013fb6d630]

GC Heap History (2 events):
Event: 215.133 GC heap before
{Heap before GC invocations=0 (full 0):
 garbage-first heap   total 131072K, used 23552K [0x0000000780000000, 0x0000000800000000)
  region size 1024K, 23 young (23552K), 0 survivors (0K)
 Metaspace       used 7739K, committed 7936K, reserved 1056768K
  class space    used 710K, committed 832K, reserved 1048576K
}
Event: 215.137 GC heap after
{Heap after GC invocations=1 (full 0):
 garbage-first heap   total 131072K, used 1365K [0x0000000780000000, 0x0000000800000000)
  region size 1024K, 2 young (2048K), 2 survivors (2048K)
 Metaspace       used 7739K, committed 7936K, reserved 1056768K
  class space    used 710K, committed 832K, reserved 1048576K
}

Dll operation events (7 events):
Event: 0.016 Loaded shared library /Users/loafdog/wpilib/2023/jdk/lib/libjava.dylib
Event: 0.196 Loaded shared library /Users/loafdog/wpilib/2023/jdk/lib/libnio.dylib
Event: 0.199 Loaded shared library /Users/loafdog/wpilib/2023/jdk/lib/libzip.dylib
Event: 0.236 Loaded shared library /Users/loafdog/wpilib/2023/jdk/lib/libwpiHaljni.dylib
Event: 0.470 Loaded shared library /Users/loafdog/wpilib/2023/jdk/lib/libcscorejni.dylib
Event: 0.522 Loaded shared library /Users/loafdog/wpilib/2023/jdk/lib/libntcorejni.dylib
Event: 0.528 Loaded shared library /Users/loafdog/wpilib/2023/jdk/lib/libwpiutiljni.dylib

Deoptimization events (20 events):
Event: 119.150 Thread 0x000000012e17aa00 Uncommon trap: trap_request=0xffffff45 fr.pc=0x000000013fb01e4c relative=0x000000000000034c
Event: 119.150 Thread 0x000000012e17aa00 Uncommon trap: reason=unstable_if action=reinterpret pc=0x000000013fb01e4c method=java.util.HashMap$HashIterator.nextNode()Ljava/util/HashMap$Node; @ 95 c2
Event: 119.150 Thread 0x000000012e17aa00 DEOPT PACKING pc=0x000000013fb01e4c sp=0x000000016df2e500
Event: 119.150 Thread 0x000000012e17aa00 DEOPT UNPACKING pc=0x000000013803ed1c sp=0x000000016df2e470 mode 2
Event: 125.074 Thread 0x000000012e17aa00 Uncommon trap: trap_request=0xffffffde fr.pc=0x000000013fb36eac relative=0x000000000000012c
Event: 125.074 Thread 0x000000012e17aa00 Uncommon trap: reason=class_check action=maybe_recompile pc=0x000000013fb36eac method=edu.wpi.first.wpilibj2.command.button.Trigger$1.run()V @ 28 c2
Event: 125.074 Thread 0x000000012e17aa00 DEOPT PACKING pc=0x000000013fb36eac sp=0x000000016df2e1e0
Event: 125.074 Thread 0x000000012e17aa00 DEOPT UNPACKING pc=0x000000013803ed1c sp=0x000000016df2e180 mode 2
Event: 189.571 Thread 0x000000012e17aa00 Uncommon trap: trap_request=0xffffffde fr.pc=0x000000013fb5828c relative=0x0000000000004f4c
Event: 189.571 Thread 0x000000012e17aa00 Uncommon trap: reason=class_check action=maybe_recompile pc=0x000000013fb5828c method=edu.wpi.first.wpilibj2.command.CommandScheduler.run()V @ 159 c2
Event: 189.571 Thread 0x000000012e17aa00 DEOPT PACKING pc=0x000000013fb5828c sp=0x000000016df2e640
Event: 189.572 Thread 0x000000012e17aa00 DEOPT UNPACKING pc=0x000000013803ed1c sp=0x000000016df2e630 mode 2
Event: 215.152 Thread 0x000000012e17aa00 Uncommon trap: trap_request=0xffffff45 fr.pc=0x000000013fb57320 relative=0x0000000000003fe0
Event: 215.152 Thread 0x000000012e17aa00 Uncommon trap: reason=unstable_if action=reinterpret pc=0x000000013fb57320 method=java.lang.ref.SoftReference.get()Ljava/lang/Object; @ 17 c2
Event: 215.152 Thread 0x000000012e17aa00 DEOPT PACKING pc=0x000000013fb57320 sp=0x000000016df2e640
Event: 215.152 Thread 0x000000012e17aa00 DEOPT UNPACKING pc=0x000000013803ed1c sp=0x000000016df2e4c0 mode 2
Event: 215.152 Thread 0x000000012e17aa00 Uncommon trap: trap_request=0xffffff45 fr.pc=0x000000013fb0ee00 relative=0x0000000000000140
Event: 215.152 Thread 0x000000012e17aa00 Uncommon trap: reason=unstable_if action=reinterpret pc=0x000000013fb0ee00 method=java.lang.ref.SoftReference.get()Ljava/lang/Object; @ 17 c2
Event: 215.152 Thread 0x000000012e17aa00 DEOPT PACKING pc=0x000000013fb0ee00 sp=0x000000016df2e5d0
Event: 215.152 Thread 0x000000012e17aa00 DEOPT UNPACKING pc=0x000000013803ed1c sp=0x000000016df2e480 mode 2

Classes unloaded (0 events):
No events

Classes redefined (0 events):
No events

Internal exceptions (14 events):
Event: 0.473 Thread 0x000000012e00d600 Exception <a 'java/lang/NoSuchMethodError'{0x0000000787d4b338}: 'void java.lang.invoke.DirectMethodHandle$Holder.invokeStatic(java.lang.Object, java.lang.Object)'> (0x0000000787d4b338) 
thrown [src/hotspot/share/interpreter/linkResolver.cpp, line 759]
Event: 0.555 Thread 0x000000012e17aa00 Exception <a 'java/lang/NoSuchMethodError'{0x0000000787c344f8}: 'java.lang.Object java.lang.invoke.DirectMethodHandle$Holder.invokeStaticInit(java.lang.Object)'> (0x0000000787c344f8) 
thrown [src/hotspot/share/interpreter/linkResolver.cpp, line 759]
Event: 0.583 Thread 0x000000012e17aa00 Exception <a 'java/lang/NoSuchMethodError'{0x0000000787cdaf48}: 'void java.lang.invoke.DirectMethodHandle$Holder.invokeStaticInit(java.lang.Object)'> (0x0000000787cdaf48) 
thrown [src/hotspot/share/interpreter/linkResolver.cpp, line 759]
Event: 0.589 Thread 0x000000012e17aa00 Exception <a 'java/lang/NoSuchMethodError'{0x0000000787b00c80}: 'void java.lang.invoke.DirectMethodHandle$Holder.invokeVirtual(java.lang.Object, java.lang.Object)'> (0x0000000787b00c80) 
thrown [src/hotspot/share/interpreter/linkResolver.cpp, line 759]
Event: 0.652 Thread 0x000000012e17aa00 Exception <a 'java/lang/NoSuchMethodError'{0x0000000787a74fc0}: 'int java.lang.invoke.DirectMethodHandle$Holder.invokeVirtual(java.lang.Object, java.lang.Object)'> (0x0000000787a74fc0) 
thrown [src/hotspot/share/interpreter/linkResolver.cpp, line 759]
Event: 0.654 Thread 0x000000012e17aa00 Exception <a 'java/lang/NoSuchMethodError'{0x0000000787a89d18}: 'int java.lang.invoke.DirectMethodHandle$Holder.invokeStatic(java.lang.Object)'> (0x0000000787a89d18) 
thrown [src/hotspot/share/interpreter/linkResolver.cpp, line 759]
Event: 0.656 Thread 0x000000012e17aa00 Exception <a 'java/lang/NoSuchMethodError'{0x0000000787a9dca0}: 'int java.lang.invoke.DirectMethodHandle$Holder.invokeStatic(java.lang.Object, java.lang.Object, int)'> (0x0000000787a9dca0) 
thrown [src/hotspot/share/interpreter/linkResolver.cpp, line 759]
Event: 0.657 Thread 0x000000012e17aa00 Exception <a 'java/lang/NoSuchMethodError'{0x0000000787aa4020}: 'java.lang.Object java.lang.invoke.DirectMethodHandle$Holder.newInvokeSpecial(java.lang.Object, java.lang.Object, int)'> (0x0000000787aa4020) 
thrown [src/hotspot/share/interpreter/linkResolver.cpp, line 759]
Event: 0.673 Thread 0x000000012e17aa00 Exception <a 'java/lang/NoSuchMethodError'{0x00000007879118e0}: 'void java.lang.invoke.DirectMethodHandle$Holder.invokeSpecial(java.lang.Object, java.lang.Object, java.lang.Object)'> (0x00000007879118e0) 
thrown [src/hotspot/share/interpreter/linkResolver.cpp, line 759]
Event: 0.676 Thread 0x000000012e17aa00 Exception <a 'java/lang/NoSuchMethodError'{0x000000078791c860}: 'void java.lang.invoke.DirectMethodHandle$Holder.invokeStatic(java.lang.Object, java.lang.Object, java.lang.Object)'> (0x000000078791c860) 
thrown [src/hotspot/share/interpreter/linkResolver.cpp, line 759]
Event: 0.684 Thread 0x000000012e17aa00 Exception <a 'java/lang/NoSuchMethodError'{0x0000000787933798}: 'void java.lang.invoke.DirectMethodHandle$Holder.invokeInterface(java.lang.Object, java.lang.Object)'> (0x0000000787933798) 
thrown [src/hotspot/share/interpreter/linkResolver.cpp, line 759]
Event: 52.317 Thread 0x000000011b825400 Implicit null exception at 0x000000013fb09d1c to 0x000000013fb09ef4
Event: 119.134 Thread 0x000000012e17aa00 Exception <a 'java/lang/NoSuchMethodError'{0x0000000786e70678}: 'double java.lang.invoke.DirectMethodHandle$Holder.invokeVirtual(java.lang.Object, java.lang.Object)'> (0x0000000786e70678) 
thrown [src/hotspot/share/interpreter/linkResolver.cpp, line 759]
Event: 119.135 Thread 0x000000012e17aa00 Exception <a 'java/lang/NoSuchMethodError'{0x0000000786e77558}: 'void java.lang.invoke.DirectMethodHandle$Holder.invokeVirtual(java.lang.Object, java.lang.Object, double)'> (0x0000000786e77558) 
thrown [src/hotspot/share/interpreter/linkResolver.cpp, line 759]

VM Operations (20 events):
Event: 143.713 Executing VM operation: Cleanup
Event: 143.713 Executing VM operation: Cleanup done
Event: 146.727 Executing VM operation: Cleanup
Event: 146.727 Executing VM operation: Cleanup done
Event: 161.781 Executing VM operation: Cleanup
Event: 161.781 Executing VM operation: Cleanup done
Event: 215.133 Executing VM operation: G1CollectForAllocation
Event: 215.137 Executing VM operation: G1CollectForAllocation done
Event: 216.141 Executing VM operation: Cleanup
Event: 216.141 Executing VM operation: Cleanup done
Event: 233.201 Executing VM operation: Cleanup
Event: 233.202 Executing VM operation: Cleanup done
Event: 236.212 Executing VM operation: Cleanup
Event: 236.212 Executing VM operation: Cleanup done
Event: 237.215 Executing VM operation: Cleanup
Event: 237.215 Executing VM operation: Cleanup done
Event: 240.230 Executing VM operation: Cleanup
Event: 240.230 Executing VM operation: Cleanup done
Event: 243.243 Executing VM operation: Cleanup
Event: 243.243 Executing VM operation: Cleanup done

Events (20 events):
Event: 0.685 loading class java/util/LinkedHashMap$LinkedEntrySet
Event: 0.685 loading class java/util/LinkedHashMap$LinkedEntrySet done
Event: 0.685 loading class java/util/LinkedHashMap$LinkedEntryIterator
Event: 0.685 loading class java/util/LinkedHashMap$LinkedEntryIterator done
Event: 0.685 loading class java/util/HashMap$Values
Event: 0.685 loading class java/util/HashMap$Values done
Event: 0.685 loading class java/util/HashMap$ValueIterator
Event: 0.685 loading class java/util/HashMap$ValueIterator done
Event: 5.630 loading class java/util/concurrent/locks/AbstractQueuedSynchronizer$Node
Event: 5.630 loading class java/util/concurrent/locks/AbstractQueuedSynchronizer$Node done
Event: 18.950 loading class jdk/internal/misc/ScopedMemoryAccess$Scope
Event: 18.951 loading class jdk/internal/misc/ScopedMemoryAccess$Scope done
Event: 52.261 loading class java/lang/AssertionError
Event: 52.261 loading class java/lang/AssertionError done
Event: 119.134 loading class java/util/function/DoubleSupplier
Event: 119.134 loading class java/util/function/DoubleSupplier done
Event: 119.135 loading class java/util/function/DoubleConsumer
Event: 119.135 loading class java/util/function/DoubleConsumer done
Event: 246.192 Protecting memory [0x000000016d2cc000,0x000000016d2d8000] with protection modes 3
Event: 246.192 Thread 0x000000012e051a00 Thread exited: 0x000000012e051a00


Dynamic libraries:
0x0000000104dd0000 	/Users/loafdog/wpilib/2023/jdk/lib/libjli.dylib
0x00000001964ed000 	/usr/lib/libz.1.dylib
0x000000019659d000 	/usr/lib/libSystem.B.dylib
0x0000000196597000 	/usr/lib/system/libcache.dylib
0x0000000196555000 	/usr/lib/system/libcommonCrypto.dylib
0x000000019657e000 	/usr/lib/system/libcompiler_rt.dylib
0x0000000196575000 	/usr/lib/system/libcopyfile.dylib
0x000000018b8d6000 	/usr/lib/system/libcorecrypto.dylib
0x000000018b97b000 	/usr/lib/system/libdispatch.dylib
0x000000018bb43000 	/usr/lib/system/libdyld.dylib
0x000000019658d000 	/usr/lib/system/libkeymgr.dylib
0x0000000196537000 	/usr/lib/system/libmacho.dylib
0x0000000195c37000 	/usr/lib/system/libquarantine.dylib
0x000000019658a000 	/usr/lib/system/libremovefile.dylib
0x0000000190cd5000 	/usr/lib/system/libsystem_asl.dylib
0x000000018b880000 	/usr/lib/system/libsystem_blocks.dylib
0x000000018ba01000 	/usr/lib/system/libsystem_c.dylib
0x0000000196582000 	/usr/lib/system/libsystem_collections.dylib
0x00000001950f6000 	/usr/lib/system/libsystem_configuration.dylib
0x000000019437a000 	/usr/lib/system/libsystem_containermanager.dylib
0x000000019629e000 	/usr/lib/system/libsystem_coreservices.dylib
0x000000018e267000 	/usr/lib/system/libsystem_darwin.dylib
0x000000019658e000 	/usr/lib/system/libsystem_dnssd.dylib
0x000000018b9fe000 	/usr/lib/system/libsystem_featureflags.dylib
0x000000018bb58000 	/usr/lib/system/libsystem_info.dylib
0x00000001964ff000 	/usr/lib/system/libsystem_m.dylib
0x000000018b950000 	/usr/lib/system/libsystem_malloc.dylib
0x0000000190c66000 	/usr/lib/system/libsystem_networkextension.dylib
0x000000018e6bb000 	/usr/lib/system/libsystem_notify.dylib
0x000000019c7a1000 	/usr/lib/system/libsystem_product_info_filter.dylib
0x00000001950fb000 	/usr/lib/system/libsystem_sandbox.dylib
0x0000000196587000 	/usr/lib/system/libsystem_secinit.dylib
0x000000018bb00000 	/usr/lib/system/libsystem_kernel.dylib
0x000000018bb50000 	/usr/lib/system/libsystem_platform.dylib
0x000000018bb36000 	/usr/lib/system/libsystem_pthread.dylib
0x0000000192412000 	/usr/lib/system/libsystem_symptoms.dylib
0x000000018b8bc000 	/usr/lib/system/libsystem_trace.dylib
0x0000000196562000 	/usr/lib/system/libunwind.dylib
0x000000018b882000 	/usr/lib/system/libxpc.dylib
0x000000018bae6000 	/usr/lib/libc++abi.dylib
0x000000018b9c2000 	/usr/lib/libobjc.A.dylib
0x000000019656d000 	/usr/lib/liboah.dylib
0x000000018ba82000 	/usr/lib/libc++.1.dylib
0x00000001a21a2000 	/System/Library/Frameworks/Cocoa.framework/Versions/A/Cocoa
0x000000018e71b000 	/System/Library/Frameworks/AppKit.framework/Versions/C/AppKit
0x0000000191c51000 	/System/Library/Frameworks/CoreData.framework/Versions/A/CoreData
0x000000018ca78000 	/System/Library/Frameworks/Foundation.framework/Versions/C/Foundation
0x000000018f5d2000 	/System/Library/PrivateFrameworks/UIFoundation.framework/Versions/A/UIFoundation
0x000000019c49b000 	/System/Library/PrivateFrameworks/RemoteViewServices.framework/Versions/A/RemoteViewServices
0x0000000194ab4000 	/System/Library/PrivateFrameworks/XCTTargetBootstrap.framework/Versions/A/XCTTargetBootstrap
0x000000019829e000 	/System/Library/PrivateFrameworks/InternationalSupport.framework/Versions/A/InternationalSupport
0x0000000198327000 	/System/Library/PrivateFrameworks/UserActivity.framework/Versions/A/UserActivity
0x00000001977cc000 	/usr/lib/libspindump.dylib
0x000000018f842000 	/System/Library/Frameworks/UniformTypeIdentifiers.framework/Versions/A/UniformTypeIdentifiers
0x0000000193041000 	/usr/lib/libapp_launch_measurement.dylib
0x00000001925b9000 	/System/Library/PrivateFrameworks/CoreAnalytics.framework/Versions/A/CoreAnalytics
0x0000000193044000 	/System/Library/PrivateFrameworks/CoreAutoLayout.framework/Versions/A/CoreAutoLayout
0x00000001943b7000 	/System/Library/Frameworks/Metal.framework/Versions/A/Metal
0x0000000195106000 	/usr/lib/liblangid.dylib
0x0000000194ab8000 	/System/Library/PrivateFrameworks/CoreSVG.framework/Versions/A/CoreSVG
0x0000000190d09000 	/System/Library/PrivateFrameworks/SkyLight.framework/Versions/A/SkyLight
0x00000001910d6000 	/System/Library/Frameworks/CoreGraphics.framework/Versions/A/CoreGraphics
0x000000019cb19000 	/System/Library/Frameworks/Accelerate.framework/Versions/A/Accelerate
0x0000000197240000 	/System/Library/PrivateFrameworks/IconServices.framework/Versions/A/IconServices
0x0000000194399000 	/System/Library/Frameworks/IOSurface.framework/Versions/A/IOSurface
0x00000001925e9000 	/usr/lib/libDiagnosticMessagesClient.dylib
0x000000019ff62000 	/System/Library/Frameworks/ApplicationServices.framework/Versions/A/ApplicationServices
0x0000000194a9c000 	/System/Library/PrivateFrameworks/DFRFoundation.framework/Versions/A/DFRFoundation
0x000000018dfbc000 	/usr/lib/libicucore.A.dylib
0x000000019909f000 	/System/Library/Frameworks/AudioToolbox.framework/Versions/A/AudioToolbox
0x00000001982aa000 	/System/Library/PrivateFrameworks/DataDetectorsCore.framework/Versions/A/DataDetectorsCore
0x00000001ae3f8000 	/System/Library/PrivateFrameworks/TextInput.framework/Versions/A/TextInput
0x0000000190c80000 	/usr/lib/libMobileGestalt.dylib
0x000000019476c000 	/System/Library/Frameworks/Carbon.framework/Versions/A/Frameworks/HIToolbox.framework/Versions/A/HIToolbox
0x0000000192a4a000 	/System/Library/Frameworks/QuartzCore.framework/Versions/A/QuartzCore
0x000000018dc39000 	/System/Library/Frameworks/Security.framework/Versions/A/Security
0x000000019c4db000 	/System/Library/Frameworks/Carbon.framework/Versions/A/Frameworks/SpeechRecognition.framework/Versions/A/SpeechRecognition
0x0000000192d98000 	/System/Library/PrivateFrameworks/CoreUI.framework/Versions/A/CoreUI
0x000000018d50a000 	/System/Library/Frameworks/CoreAudio.framework/Versions/A/CoreAudio
0x00000001926dd000 	/System/Library/Frameworks/DiskArbitration.framework/Versions/A/DiskArbitration
0x0000000197bb1000 	/System/Library/PrivateFrameworks/MultitouchSupport.framework/Versions/A/MultitouchSupport
0x0000000190c7e000 	/usr/lib/libenergytrace.dylib
0x000000018e5e5000 	/System/Library/Frameworks/IOKit.framework/Versions/A/IOKit
0x000000019c8c4000 	/System/Library/Frameworks/CoreServices.framework/Versions/A/CoreServices
0x0000000192fd1000 	/System/Library/PrivateFrameworks/PerformanceAnalysis.framework/Versions/A/PerformanceAnalysis
0x00000001ecfa5000 	/System/Library/Frameworks/OpenGL.framework/Versions/A/OpenGL
0x0000000195b57000 	/System/Library/PrivateFrameworks/MobileKeyBag.framework/Versions/A/MobileKeyBag
0x00000001916e6000 	/System/Library/Frameworks/ColorSync.framework/Versions/A/ColorSync
0x000000018bb84000 	/System/Library/Frameworks/CoreFoundation.framework/Versions/A/CoreFoundation
0x0000000194d39000 	/System/Library/Frameworks/CoreImage.framework/Versions/A/CoreImage
0x000000018d32d000 	/System/Library/Frameworks/CoreText.framework/Versions/A/CoreText
0x0000000194ae8000 	/System/Library/Frameworks/ImageIO.framework/Versions/A/ImageIO
0x00000001965a3000 	/System/Library/PrivateFrameworks/SoftLinking.framework/Versions/A/SoftLinking
0x000000019308e000 	/usr/lib/libxml2.2.dylib
0x000000019683c000 	/usr/lib/libcompression.dylib
0x00000001981f7000 	/System/Library/PrivateFrameworks/TextureIO.framework/Versions/A/TextureIO
0x0000000196f5a000 	/usr/lib/libate.dylib
0x0000000196e22000 	/usr/lib/liblzma.5.dylib
0x000000018c76c000 	/System/Library/Frameworks/SystemConfiguration.framework/Versions/A/SystemConfiguration
0x000000019659f000 	/usr/lib/libfakelink.dylib
0x00000001907ad000 	/System/Library/Frameworks/CFNetwork.framework/Versions/A/CFNetwork
0x00000001966e6000 	/usr/lib/libarchive.2.dylib
0x0000000195102000 	/System/Library/PrivateFrameworks/AppleSystemInfo.framework/Versions/A/AppleSystemInfo
0x0000000195c62000 	/usr/lib/libbsm.0.dylib
0x000000018fce5000 	/usr/lib/libnetwork.dylib
0x000000019653d000 	/usr/lib/system/libkxld.dylib
0x0000000195879000 	/System/Library/PrivateFrameworks/IOMobileFramebuffer.framework/Versions/A/IOMobileFramebuffer
0x0000000208dd6000 	/usr/lib/libCoreEntitlements.dylib
0x0000000196280000 	/System/Library/PrivateFrameworks/AppleFSCompression.framework/Versions/A/AppleFSCompression
0x0000000195c4a000 	/usr/lib/libcoretls.dylib
0x0000000196e3b000 	/usr/lib/libcoretls_cfhelpers.dylib
0x0000000196837000 	/usr/lib/libpam.2.dylib
0x000000019203a000 	/usr/lib/libsqlite3.dylib
0x0000000196ea3000 	/usr/lib/libxar.1.dylib
0x0000000196291000 	/usr/lib/libbz2.1.0.dylib
0x00000001965a4000 	/usr/lib/libpcap.A.dylib
0x0000000192409000 	/usr/lib/libdns_services.dylib
0x000000019680a000 	/usr/lib/libapple_nghttp2.dylib
0x00000001965e1000 	/usr/lib/libiconv.2.dylib
0x0000000196536000 	/usr/lib/libcharset.1.dylib
0x000000019300d000 	/System/Library/Frameworks/CoreServices.framework/Versions/A/Frameworks/FSEvents.framework/Versions/A/FSEvents
0x000000018e272000 	/System/Library/Frameworks/CoreServices.framework/Versions/A/Frameworks/CarbonCore.framework/Versions/A/CarbonCore
0x0000000192640000 	/System/Library/Frameworks/CoreServices.framework/Versions/A/Frameworks/Metadata.framework/Versions/A/Metadata
0x00000001962a4000 	/System/Library/Frameworks/CoreServices.framework/Versions/A/Frameworks/OSServices.framework/Versions/A/OSServices
0x000000019676c000 	/System/Library/Frameworks/CoreServices.framework/Versions/A/Frameworks/SearchKit.framework/Versions/A/SearchKit
0x0000000192397000 	/System/Library/Frameworks/CoreServices.framework/Versions/A/Frameworks/AE.framework/Versions/A/AE
0x000000018c0c8000 	/System/Library/Frameworks/CoreServices.framework/Versions/A/Frameworks/LaunchServices.framework/Versions/A/LaunchServices
0x0000000196dcb000 	/System/Library/Frameworks/CoreServices.framework/Versions/A/Frameworks/DictionaryServices.framework/Versions/A/DictionaryServices
0x000000019301a000 	/System/Library/Frameworks/CoreServices.framework/Versions/A/Frameworks/SharedFileList.framework/Versions/A/SharedFileList
0x0000000195c3a000 	/usr/lib/libCheckFix.dylib
0x0000000190ced000 	/System/Library/PrivateFrameworks/TCC.framework/Versions/A/TCC
0x0000000195108000 	/System/Library/PrivateFrameworks/CoreNLP.framework/Versions/A/CoreNLP
0x00000001925ec000 	/System/Library/PrivateFrameworks/MetadataUtilities.framework/Versions/A/MetadataUtilities
0x000000018c825000 	/usr/lib/libmecabra.dylib
0x0000000195c73000 	/usr/lib/libmecab.dylib
0x000000018c7f1000 	/usr/lib/libCRFSuite.dylib
0x0000000195cd1000 	/usr/lib/libgermantok.dylib
0x00000001967e3000 	/usr/lib/libThaiTokenizer.dylib
0x00000001926e5000 	/System/Library/Frameworks/Accelerate.framework/Versions/A/Frameworks/vImage.framework/Versions/A/vImage
0x000000019c89b000 	/System/Library/Frameworks/Accelerate.framework/Versions/A/Frameworks/vecLib.framework/Versions/A/vecLib
0x0000000196ee7000 	/System/Library/Frameworks/Accelerate.framework/Versions/A/Frameworks/vecLib.framework/Versions/A/libvMisc.dylib
0x0000000195783000 	/System/Library/Frameworks/Accelerate.framework/Versions/A/Frameworks/vecLib.framework/Versions/A/libvDSP.dylib
0x000000018c44b000 	/System/Library/Frameworks/Accelerate.framework/Versions/A/Frameworks/vecLib.framework/Versions/A/libBLAS.dylib
0x000000019690b000 	/System/Library/Frameworks/Accelerate.framework/Versions/A/Frameworks/vecLib.framework/Versions/A/libLAPACK.dylib
0x0000000195cd4000 	/System/Library/Frameworks/Accelerate.framework/Versions/A/Frameworks/vecLib.framework/Versions/A/libLinearAlgebra.dylib
0x0000000196822000 	/System/Library/Frameworks/Accelerate.framework/Versions/A/Frameworks/vecLib.framework/Versions/A/libSparseBLAS.dylib
0x0000000196906000 	/System/Library/Frameworks/Accelerate.framework/Versions/A/Frameworks/vecLib.framework/Versions/A/libQuadrature.dylib
0x00000001951ff000 	/System/Library/Frameworks/Accelerate.framework/Versions/A/Frameworks/vecLib.framework/Versions/A/libBNNS.dylib
0x000000018c709000 	/System/Library/Frameworks/Accelerate.framework/Versions/A/Frameworks/vecLib.framework/Versions/A/libSparse.dylib
0x00000001951f7000 	/System/Library/PrivateFrameworks/LinguisticData.framework/Versions/A/LinguisticData
0x000000018c6bf000 	/System/Library/PrivateFrameworks/Lexicon.framework/Versions/A/Lexicon
0x0000000196edf000 	/usr/lib/libChineseTokenizer.dylib
0x000000018ce66000 	/System/Library/PrivateFrameworks/LanguageModeling.framework/Versions/A/LanguageModeling
0x00000001967e5000 	/System/Library/PrivateFrameworks/AppleSauce.framework/Versions/A/AppleSauce
0x0000000195866000 	/System/Library/PrivateFrameworks/CoreEmoji.framework/Versions/A/CoreEmoji
0x00000001966d4000 	/usr/lib/libcmph.dylib
0x0000000192fed000 	/System/Library/Frameworks/OpenDirectory.framework/Versions/A/Frameworks/CFOpenDirectory.framework/Versions/A/CFOpenDirectory
0x0000000192fdd000 	/System/Library/Frameworks/OpenDirectory.framework/Versions/A/OpenDirectory
0x0000000196e3d000 	/System/Library/PrivateFrameworks/APFS.framework/Versions/A/APFS
0x0000000195b92000 	/System/Library/Frameworks/SecurityFoundation.framework/Versions/A/SecurityFoundation
0x0000000196eb1000 	/usr/lib/libutil.dylib
0x000000018e5a7000 	/System/Library/PrivateFrameworks/CoreServicesStore.framework/Versions/A/CoreServicesStore
0x0000000196eb5000 	/usr/lib/libxslt.1.dylib
0x0000000195c26000 	/System/Library/PrivateFrameworks/BackgroundTaskManagement.framework/Versions/A/BackgroundTaskManagement
0x0000000198118000 	/System/Library/Frameworks/ImageIO.framework/Versions/A/Resources/libRadiance.dylib
0x0000000198121000 	/System/Library/Frameworks/ImageIO.framework/Versions/A/Resources/libJPEG.dylib
0x0000000198073000 	/System/Library/Frameworks/ImageIO.framework/Versions/A/Resources/libPng.dylib
0x0000000198095000 	/System/Library/Frameworks/ImageIO.framework/Versions/A/Resources/libTIFF.dylib
0x000000019817c000 	/System/Library/Frameworks/ImageIO.framework/Versions/A/Resources/libGIF.dylib
0x0000000197ac1000 	/System/Library/Frameworks/ImageIO.framework/Versions/A/Resources/libJP2.dylib
0x0000000197206000 	/usr/lib/libexpat.1.dylib
0x0000000197a7c000 	/System/Library/PrivateFrameworks/AppleJPEG.framework/Versions/A/AppleJPEG
0x000000019462b000 	/System/Library/PrivateFrameworks/FontServices.framework/libFontParser.dylib
0x000000019233c000 	/System/Library/PrivateFrameworks/RunningBoardServices.framework/Versions/A/RunningBoardServices
0x00000001a2818000 	/System/Library/PrivateFrameworks/IOSurfaceAccelerator.framework/Versions/A/IOSurfaceAccelerator
0x0000000197bad000 	/System/Library/PrivateFrameworks/WatchdogClient.framework/Versions/A/WatchdogClient
0x000000018cf6a000 	/System/Library/Frameworks/CoreDisplay.framework/Versions/A/CoreDisplay
0x0000000194519000 	/System/Library/Frameworks/CoreMedia.framework/Versions/A/CoreMedia
0x00000001943ad000 	/System/Library/PrivateFrameworks/IOAccelerator.framework/Versions/A/IOAccelerator
0x000000019317b000 	/System/Library/Frameworks/CoreVideo.framework/Versions/A/CoreVideo
0x0000000196835000 	/System/Library/Frameworks/MetalPerformanceShaders.framework/Versions/A/MetalPerformanceShaders
0x0000000197bea000 	/System/Library/Frameworks/VideoToolbox.framework/Versions/A/VideoToolbox
0x0000000192280000 	/System/Library/PrivateFrameworks/BaseBoard.framework/Versions/A/BaseBoard
0x000000019201f000 	/System/Library/PrivateFrameworks/ProtocolBuffer.framework/Versions/A/ProtocolBuffer
0x0000000198113000 	/System/Library/PrivateFrameworks/GPUWrangler.framework/Versions/A/GPUWrangler
0x00000001980f2000 	/System/Library/PrivateFrameworks/IOPresentment.framework/Versions/A/IOPresentment
0x000000019811b000 	/System/Library/PrivateFrameworks/DSExternalDisplay.framework/Versions/A/DSExternalDisplay
0x00000001ecf98000 	/System/Library/Frameworks/OpenGL.framework/Versions/A/Libraries/libCoreFSCache.dylib
0x00000001f6783000 	/System/Library/PrivateFrameworks/GPUCompiler.framework/Versions/31001/Libraries/libGPUCompilerUtils.dylib
0x0000000198181000 	/System/Library/PrivateFrameworks/CMCaptureCore.framework/Versions/A/CMCaptureCore
0x00000001977ba000 	/System/Library/PrivateFrameworks/AppServerSupport.framework/Versions/A/AppServerSupport
0x000000019995a000 	/System/Library/PrivateFrameworks/perfdata.framework/Versions/A/perfdata
0x000000018d08a000 	/System/Library/PrivateFrameworks/AudioToolboxCore.framework/Versions/A/AudioToolboxCore
0x00000001944f1000 	/System/Library/PrivateFrameworks/caulk.framework/Versions/A/caulk
0x000000019924f000 	/usr/lib/libAudioStatistics.dylib
0x00000001aab6c000 	/System/Library/PrivateFrameworks/SystemPolicy.framework/Versions/A/SystemPolicy
0x00000001994af000 	/usr/lib/libSMC.dylib
0x00000001a2084000 	/System/Library/Frameworks/CoreMIDI.framework/Versions/A/CoreMIDI
0x0000000198041000 	/usr/lib/libAudioToolboxUtility.dylib
0x00000001a6f99000 	/System/Library/PrivateFrameworks/OSAServicesClient.framework/Versions/A/OSAServicesClient
0x0000000199967000 	/usr/lib/libperfcheck.dylib
0x00000001ab673000 	/usr/lib/libmis.dylib
0x00000001ecff9000 	/System/Library/Frameworks/OpenGL.framework/Versions/A/Libraries/libGLU.dylib
0x00000001ecfb8000 	/System/Library/Frameworks/OpenGL.framework/Versions/A/Libraries/libGFXShared.dylib
0x00000001ed1a2000 	/System/Library/Frameworks/OpenGL.framework/Versions/A/Libraries/libGL.dylib
0x00000001ecfc1000 	/System/Library/Frameworks/OpenGL.framework/Versions/A/Libraries/libGLImage.dylib
0x00000001ecfb5000 	/System/Library/Frameworks/OpenGL.framework/Versions/A/Libraries/libCVMSPluginSupport.dylib
0x00000001ecf9f000 	/System/Library/Frameworks/OpenGL.framework/Versions/A/Libraries/libCoreVMClient.dylib
0x0000000195083000 	/System/Library/Frameworks/MetalPerformanceShaders.framework/Versions/A/Frameworks/MPSCore.framework/Versions/A/MPSCore
0x00000001961f3000 	/System/Library/Frameworks/MetalPerformanceShaders.framework/Versions/A/Frameworks/MPSImage.framework/Versions/A/MPSImage
0x0000000195ce9000 	/System/Library/Frameworks/MetalPerformanceShaders.framework/Versions/A/Frameworks/MPSNeuralNetwork.framework/Versions/A/MPSNeuralNetwork
0x0000000196126000 	/System/Library/Frameworks/MetalPerformanceShaders.framework/Versions/A/Frameworks/MPSMatrix.framework/Versions/A/MPSMatrix
0x0000000195f01000 	/System/Library/Frameworks/MetalPerformanceShaders.framework/Versions/A/Frameworks/MPSRayIntersector.framework/Versions/A/MPSRayIntersector
0x0000000196157000 	/System/Library/Frameworks/MetalPerformanceShaders.framework/Versions/A/Frameworks/MPSNDArray.framework/Versions/A/MPSNDArray
0x00000001eecd0000 	/System/Library/Frameworks/MetalPerformanceShaders.framework/Versions/A/Frameworks/MPSFunctions.framework/Versions/A/MPSFunctions
0x000000018c329000 	/System/Library/PrivateFrameworks/MetalTools.framework/Versions/A/MetalTools
0x0000000195100000 	/System/Library/PrivateFrameworks/AggregateDictionary.framework/Versions/A/AggregateDictionary
0x0000000196fec000 	/usr/lib/libIOReport.dylib
0x00000001a106b000 	/System/Library/PrivateFrameworks/ASEProcessing.framework/Versions/A/ASEProcessing
0x000000019735f000 	/System/Library/PrivateFrameworks/FaceCore.framework/Versions/A/FaceCore
0x0000000197351000 	/System/Library/PrivateFrameworks/GraphVisualizer.framework/Versions/A/GraphVisualizer
0x00000001f669a000 	/System/Library/PrivateFrameworks/FontServices.framework/Versions/A/FontServices
0x0000000197774000 	/System/Library/PrivateFrameworks/OTSVG.framework/Versions/A/OTSVG
0x0000000192d49000 	/System/Library/Frameworks/ApplicationServices.framework/Versions/A/Frameworks/ATS.framework/Versions/A/Resources/libFontRegistry.dylib
0x00000001977c3000 	/System/Library/PrivateFrameworks/FontServices.framework/libhvf.dylib
0x00000001f669b000 	/System/Library/PrivateFrameworks/FontServices.framework/libXTFontStaticRegistryData.dylib
0x00000001ed344000 	/System/Library/Frameworks/OpenCL.framework/Versions/A/OpenCL
0x00000001971ba000 	/System/Library/PrivateFrameworks/AppleVA.framework/Versions/A/AppleVA
0x0000000199277000 	/System/Library/Frameworks/ApplicationServices.framework/Versions/A/Frameworks/ATS.framework/Versions/A/ATS
0x00000001917e3000 	/System/Library/Frameworks/ApplicationServices.framework/Versions/A/Frameworks/HIServices.framework/Versions/A/HIServices
0x000000019818b000 	/System/Library/Frameworks/ApplicationServices.framework/Versions/A/Frameworks/PrintCore.framework/Versions/A/PrintCore
0x0000000199602000 	/System/Library/Frameworks/ApplicationServices.framework/Versions/A/Frameworks/QD.framework/Versions/A/QD
0x00000001995fa000 	/System/Library/Frameworks/ApplicationServices.framework/Versions/A/Frameworks/ColorSyncLegacy.framework/Versions/A/ColorSyncLegacy
0x0000000199263000 	/System/Library/Frameworks/ApplicationServices.framework/Versions/A/Frameworks/SpeechSynthesis.framework/Versions/A/SpeechSynthesis
0x000000019814c000 	/System/Library/Frameworks/ApplicationServices.framework/Versions/A/Frameworks/ATSUI.framework/Versions/A/ATSUI
0x000000019958f000 	/usr/lib/libcups.2.dylib
0x0000000199975000 	/System/Library/Frameworks/Kerberos.framework/Versions/A/Kerberos
0x0000000199986000 	/System/Library/Frameworks/GSS.framework/Versions/A/GSS
0x00000001992e6000 	/usr/lib/libresolv.9.dylib
0x00000001977d1000 	/System/Library/PrivateFrameworks/Heimdal.framework/Versions/A/Heimdal
0x00000001a02da000 	/System/Library/Frameworks/Kerberos.framework/Versions/A/Libraries/libHeimdalProxy.dylib
0x000000019241b000 	/System/Library/Frameworks/Network.framework/Versions/A/Network
0x0000000197221000 	/usr/lib/libheimdal-asn1.dylib
0x00000001999cc000 	/System/Library/PrivateFrameworks/CommonAuth.framework/Versions/A/CommonAuth
0x00000001991dd000 	/System/Library/PrivateFrameworks/AudioSession.framework/Versions/A/AudioSession
0x00000001972b2000 	/System/Library/PrivateFrameworks/MediaExperience.framework/Versions/A/MediaExperience
0x0000000199065000 	/System/Library/PrivateFrameworks/AudioSession.framework/libSessionUtility.dylib
0x000000019960e000 	/System/Library/PrivateFrameworks/AudioResourceArbitration.framework/Versions/A/AudioResourceArbitration
0x000000019d719000 	/System/Library/PrivateFrameworks/PowerLog.framework/Versions/A/PowerLog
0x000000019722a000 	/System/Library/PrivateFrameworks/IconFoundation.framework/Versions/A/IconFoundation
0x000000019c4c7000 	/System/Library/PrivateFrameworks/SpeechRecognitionCore.framework/Versions/A/SpeechRecognitionCore
0x000000010a00c000 	/Users/loafdog/wpilib/2023/jdk/lib/server/libjvm.dylib
0x0000000104fe8000 	/Users/loafdog/wpilib/2023/jdk/lib/libjimage.dylib
0x0000000109048000 	/Users/loafdog/wpilib/2023/jdk/lib/libjdwp.dylib
0x0000000109090000 	/Users/loafdog/wpilib/2023/jdk/lib/libjava.dylib
0x0000000109f30000 	/Users/loafdog/wpilib/2023/jdk/lib/libdt_socket.dylib
0x0000000109f64000 	/Users/loafdog/wpilib/2023/jdk/lib/libnio.dylib
0x0000000109fa8000 	/Users/loafdog/wpilib/2023/jdk/lib/libnet.dylib
0x0000000109f84000 	/Users/loafdog/wpilib/2023/jdk/lib/libzip.dylib
0x000000011b17c000 	/Users/loafdog/frc/repos/RomiReference2023/build/jni/release/libwpiHaljni.dylib
0x000000011b048000 	/Users/loafdog/frc/repos/RomiReference2023/build/jni/release/libwpiHal.dylib
0x000000011b4ac000 	/Users/loafdog/frc/repos/RomiReference2023/build/jni/release/libwpiutil.dylib
0x00000001aa978000 	/System/Library/Frameworks/AVFoundation.framework/Versions/A/AVFoundation
0x00000001eded1000 	/System/Library/Frameworks/AVFAudio.framework/Versions/A/AVFAudio
0x000000019e02c000 	/System/Library/PrivateFrameworks/AVFCore.framework/Versions/A/AVFCore
0x00000001a4f5c000 	/System/Library/PrivateFrameworks/AVFCapture.framework/Versions/A/AVFCapture
0x000000019a65a000 	/System/Library/Frameworks/IOBluetooth.framework/Versions/A/IOBluetooth
0x000000019d682000 	/System/Library/Frameworks/CoreBluetooth.framework/Versions/A/CoreBluetooth
0x00000001a035f000 	/System/Library/Frameworks/AudioUnit.framework/Versions/A/AudioUnit
0x0000000195965000 	/System/Library/PrivateFrameworks/CoreUtils.framework/Versions/A/CoreUtils
0x00000001f58e6000 	/System/Library/PrivateFrameworks/CoreUtilsExtras.framework/Versions/A/CoreUtilsExtras
0x00000001a96ce000 	/System/Library/PrivateFrameworks/AirPlaySync.framework/Versions/A/AirPlaySync
0x0000000198395000 	/System/Library/Frameworks/MediaToolbox.framework/Versions/A/MediaToolbox
0x000000019d939000 	/System/Library/PrivateFrameworks/CoreAVCHD.framework/Versions/A/CoreAVCHD
0x000000019cb64000 	/System/Library/Frameworks/MediaAccessibility.framework/Versions/A/MediaAccessibility
0x000000019d935000 	/System/Library/PrivateFrameworks/Mangrove.framework/Versions/A/Mangrove
0x0000000195b80000 	/System/Library/PrivateFrameworks/AssertionServices.framework/Versions/A/AssertionServices
0x000000019cb71000 	/System/Library/PrivateFrameworks/AlgosScoreFramework.framework/Versions/A/AlgosScoreFramework
0x00000001f2bbf000 	/System/Library/PrivateFrameworks/CMPhoto.framework/Versions/A/CMPhoto
0x000000019d929000 	/System/Library/PrivateFrameworks/CoreAUC.framework/Versions/A/CoreAUC
0x00000001f2ba5000 	/System/Library/PrivateFrameworks/CMImaging.framework/Versions/A/CMImaging
0x00000001a50b2000 	/System/Library/PrivateFrameworks/Quagga.framework/Versions/A/Quagga
0x00000001a5178000 	/System/Library/PrivateFrameworks/CMCapture.framework/Versions/A/CMCapture
0x00000001993d7000 	/System/Library/Frameworks/CoreMediaIO.framework/Versions/A/CoreMediaIO
0x00000001a049c000 	/System/Library/PrivateFrameworks/Espresso.framework/Versions/A/Espresso
0x000000019fd61000 	/System/Library/PrivateFrameworks/AppSupport.framework/Versions/A/AppSupport
0x00000001d0bd3000 	/System/Library/PrivateFrameworks/ANECompiler.framework/Versions/A/ANECompiler
0x00000001a2004000 	/System/Library/PrivateFrameworks/AppleNeuralEngine.framework/Versions/A/AppleNeuralEngine
0x00000001f912f000 	/System/Library/PrivateFrameworks/MIL.framework/Versions/A/MIL
0x00000001eece4000 	/System/Library/Frameworks/MetalPerformanceShadersGraph.framework/Versions/A/MetalPerformanceShadersGraph
0x00000001a0ee6000 	/System/Library/PrivateFrameworks/ANEServices.framework/Versions/A/ANEServices
0x0000000199a5f000 	/System/Library/PrivateFrameworks/CorePhoneNumbers.framework/Versions/A/CorePhoneNumbers
0x000000018e6ca000 	/usr/lib/libsandbox.1.dylib
0x000000019712e000 	/usr/lib/libMatch.1.dylib
0x00000001af315000 	/usr/lib/libncurses.5.4.dylib
0x000000019f9ea000 	/System/Library/PrivateFrameworks/BackBoardServices.framework/Versions/A/BackBoardServices
0x000000019e24b000 	/System/Library/PrivateFrameworks/FrontBoardServices.framework/Versions/A/FrontBoardServices
0x000000019e2e3000 	/System/Library/PrivateFrameworks/BoardServices.framework/Versions/A/BoardServices
0x000000011cc70000 	/Users/loafdog/frc/repos/RomiReference2023/build/jni/release/libhalsim_gui.dylib
0x000000011d260000 	/Users/loafdog/frc/repos/RomiReference2023/build/jni/release/libwpimath.dylib
0x000000011b214000 	/Users/loafdog/frc/repos/RomiReference2023/build/jni/release/libntcore.dylib
0x000000011b5f0000 	/Users/loafdog/frc/repos/RomiReference2023/build/jni/release/libwpinet.dylib
0x000000019a7f8000 	/System/Library/Frameworks/MetalKit.framework/Versions/A/MetalKit
0x000000018e56a000 	/System/Library/PrivateFrameworks/CoreServicesInternal.framework/Versions/A/CoreServicesInternal
0x000000019d96d000 	/System/Library/Frameworks/FileProvider.framework/Versions/A/FileProvider
0x00000001921e8000 	/System/Library/Frameworks/Accounts.framework/Versions/A/Accounts
0x000000019daed000 	/System/Library/PrivateFrameworks/GenerationalStorage.framework/Versions/A/GenerationalStorage
0x000000019e6a3000 	/System/Library/PrivateFrameworks/CoreSymbolication.framework/Versions/A/CoreSymbolication
0x000000019d70d000 	/System/Library/PrivateFrameworks/SymptomDiagnosticReporter.framework/Versions/A/SymptomDiagnosticReporter
0x000000018f856000 	/System/Library/PrivateFrameworks/DesktopServicesPriv.framework/Versions/A/DesktopServicesPriv
0x0000000193208000 	/System/Library/PrivateFrameworks/UserManagement.framework/Versions/A/UserManagement
0x000000019e664000 	/System/Library/PrivateFrameworks/DebugSymbols.framework/Versions/A/DebugSymbols
0x00000001995ed000 	/System/Library/PrivateFrameworks/NetAuth.framework/Versions/A/NetAuth
0x000000019a4f0000 	/System/Library/PrivateFrameworks/Sharing.framework/Versions/A/Sharing
0x00000001931d8000 	/System/Library/PrivateFrameworks/login.framework/Versions/A/Frameworks/loginsupport.framework/Versions/A/loginsupport
0x000000019f81c000 	/System/Library/PrivateFrameworks/Apple80211.framework/Versions/A/Apple80211
0x00000001962d7000 	/System/Library/PrivateFrameworks/AuthKit.framework/Versions/A/AuthKit
0x0000000195885000 	/System/Library/Frameworks/CoreWLAN.framework/Versions/A/CoreWLAN
0x000000019f87c000 	/System/Library/PrivateFrameworks/CoreWiFi.framework/Versions/A/CoreWiFi
0x000000019d83d000 	/System/Library/PrivateFrameworks/DiskManagement.framework/Versions/A/DiskManagement
0x000000019d740000 	/System/Library/PrivateFrameworks/AppleIDAuthSupport.framework/Versions/A/AppleIDAuthSupport
0x00000001f0fba000 	/System/Library/PrivateFrameworks/AAAFoundation.framework/Versions/A/AAAFoundation
0x0000000199a3e000 	/System/Library/PrivateFrameworks/KeychainCircle.framework/Versions/A/KeychainCircle
0x000000019d809000 	/System/Library/PrivateFrameworks/MediaKit.framework/Versions/A/MediaKit
0x000000019d74d000 	/System/Library/Frameworks/DiscRecording.framework/Versions/A/DiscRecording
0x0000000197136000 	/usr/lib/libCoreStorage.dylib
0x000000019fce6000 	/usr/lib/libcsfde.dylib
0x000000019a72f000 	/System/Library/PrivateFrameworks/ProtectedCloudStorage.framework/Versions/A/ProtectedCloudStorage
0x000000019fcde000 	/System/Library/PrivateFrameworks/EFILogin.framework/Versions/A/EFILogin
0x000000019db14000 	/System/Library/PrivateFrameworks/OctagonTrust.framework/Versions/A/OctagonTrust
0x0000000192ed5000 	/System/Library/PrivateFrameworks/ViewBridge.framework/Versions/A/ViewBridge
0x000000011c9d4000 	/usr/lib/libobjc-trampolines.dylib
0x00000001af985000 	/System/Library/Frameworks/Accelerate.framework/Versions/A/Frameworks/vImage.framework/Versions/A/Libraries/libCGInterfaces.dylib
0x000000019787f000 	/System/Library/PrivateFrameworks/login.framework/Versions/A/login
0x00000001ed3bc000 	/System/Library/Extensions/AGXMetal13_3.bundle/Contents/MacOS/AGXMetal13_3
0x00000001ab68f000 	/System/Library/PrivateFrameworks/GPURawCounter.framework/Versions/A/GPURawCounter
0x00000001a611d000 	/System/Library/PrivateFrameworks/IOGPU.framework/Versions/A/IOGPU
0x000000011ee14000 	/Users/loafdog/frc/repos/RomiReference2023/build/jni/release/libhalsim_ws_client.dylib
0x00000001286fc000 	/Users/loafdog/frc/repos/RomiReference2023/build/jni/release/libhalsim_ws_server.dylib
0x000000011eec4000 	/Users/loafdog/frc/repos/RomiReference2023/build/jni/release/libcscorejni.dylib
0x00000001292b0000 	/Users/loafdog/frc/repos/RomiReference2023/build/jni/release/libcscore.dylib
0x0000000129b8c000 	/Users/loafdog/frc/repos/RomiReference2023/build/jni/release/libopencv_imgproc.4.6.dylib
0x0000000129214000 	/Users/loafdog/frc/repos/RomiReference2023/build/jni/release/libopencv_flann.4.6.dylib
0x0000000129100000 	/Users/loafdog/frc/repos/RomiReference2023/build/jni/release/libopencv_features2d.4.6.dylib
0x0000000129380000 	/Users/loafdog/frc/repos/RomiReference2023/build/jni/release/libopencv_gapi.4.6.dylib
0x0000000129914000 	/Users/loafdog/frc/repos/RomiReference2023/build/jni/release/libopencv_ml.4.6.dylib
0x000000012999c000 	/Users/loafdog/frc/repos/RomiReference2023/build/jni/release/libopencv_calib3d.4.6.dylib
0x000000012a53c000 	/Users/loafdog/frc/repos/RomiReference2023/build/jni/release/libopencv_core.4.6.dylib
0x0000000129f30000 	/Users/loafdog/frc/repos/RomiReference2023/build/jni/release/libopencv_stitching.4.6.dylib
0x000000012919c000 	/Users/loafdog/frc/repos/RomiReference2023/build/jni/release/libopencv_videoio.4.6.dylib
0x00000001287b0000 	/Users/loafdog/frc/repos/RomiReference2023/build/jni/release/libopencv_highgui.4.6.dylib
0x0000000129fb4000 	/Users/loafdog/frc/repos/RomiReference2023/build/jni/release/libopencv_objdetect.4.6.dylib
0x00000001297f0000 	/Users/loafdog/frc/repos/RomiReference2023/build/jni/release/libopencv_imgcodecs.4.6.dylib
0x0000000129b28000 	/Users/loafdog/frc/repos/RomiReference2023/build/jni/release/libopencv_video.4.6.dylib
0x000000012a178000 	/Users/loafdog/frc/repos/RomiReference2023/build/jni/release/libopencv_photo.4.6.dylib
0x000000012a4fc000 	/Users/loafdog/frc/repos/RomiReference2023/build/jni/release/libntcorejni.dylib
0x000000012a07c000 	/Users/loafdog/frc/repos/RomiReference2023/build/jni/release/libwpiutiljni.dylib
0x0000000208f50000 	/usr/lib/libRosetta.dylib
0x000000012bcc8000 	/System/Library/Extensions/IOHIDFamily.kext/Contents/PlugIns/IOHIDLib.plugin/Contents/MacOS/IOHIDLib


VM Arguments:
jvm_args: -agentlib:jdwp=transport=dt_socket,server=n,suspend=y,address=localhost:60193 -Djava.library.path=/Users/loafdog/frc/repos/RomiReference2023/build/jni/release -XX:+ShowCodeDetailsInExceptionMessages 
java_command: frc.robot.Main
java_class_path (initial): /Users/loafdog/frc/repos/RomiReference2023/bin/main:/Users/loafdog/wpilib/2023/maven/edu/wpi/first/wpilibj/wpilibj-java/2023.1.1/wpilibj-java-2023.1.1.jar:/Users/loafdog/wpilib/2023/maven/edu/wpi/first/wpimath/wpimath-java/2023.1.1/wpimath-java-2023.1.1.jar:/Users/loafdog/wpilib/2023/maven/edu/wpi/first/ntcore/ntcore-java/2023.1.1/ntcore-java-2023.1.1.jar:/Users/loafdog/wpilib/2023/maven/edu/wpi/first/cscore/cscore-java/2023.1.1/cscore-java-2023.1.1.jar:/Users/loafdog/wpilib/2023/maven/edu/wpi/first/cameraserver/cameraserver-java/2023.1.1/cameraserver-java-2023.1.1.jar:/Users/loafdog/wpilib/2023/maven/edu/wpi/first/hal/hal-java/2023.1.1/hal-java-2023.1.1.jar:/Users/loafdog/wpilib/2023/maven/edu/wpi/first/wpinet/wpinet-java/2023.1.1/wpinet-java-2023.1.1.jar:/Users/loafdog/wpilib/2023/maven/edu/wpi/first/wpiutil/wpiutil-java/2023.1.1/wpiutil-java-2023.1.1.jar:/Users/loafdog/wpilib/2023/maven/edu/wpi/first/apriltag/apriltag-java/2023.1.1/apriltag-java-2023.1.1.jar:/Users/loafdog/wpilib/2023/maven/edu/wpi/first/thirdparty/frc2023/opencv/opencv-java/4.6.0-4/opencv-java-4.6.0-4.jar:/Users/loafdog/wpilib/2023/maven/org/ejml/ejml-simple/0.41/ejml-simple-0.41.jar:/Users/loafdog/wpilib/2023/maven/com/fasterxml/jackson/core/jackson-databind/2.12.4/jackson-databind-2.12.4.jar:/Users/loafdog/wpilib/2023/maven/com/fasterxml/jackson/core/jackson-annotations/2.12.4/jackson-annotations-2.12.4.jar:/Users/loafdog/wpilib/2023/maven/com/fasterxml/jackson/core/jackson-core/2.12.4/jackson-core-2.12.4.jar:/Users/loafdog/wpilib/2023/maven/edu/wpi/first/wpilibNewCommands/wpilibNewCommands-java/2023.1.1/wpilibNewCommands-java-2023.1.1.jar:/Users/loafdog/wpilib/2023/maven/org/ejml/ejml-fsparse/0.41/ejml-fsparse-0.41.jar:/Users/loafdog/wpilib/2023/maven/org/ejml/ejml-fdense/0.41/ejml-fdense-0.41.jar:/Users/loafdog/wpilib/2023/maven/org/ejml/ejml-dsparse/0.41/ejml-dsparse-0.41.jar:/Users/loafdog/wpilib/2023/maven/org/ejml/ejml-ddense/0.41/ejml-ddense-0.41.jar:/Users/
Launcher Type: SUN_STANDARD

[Global flags]
     intx CICompilerCount                          = 4                                         {product} {ergonomic}
     uint ConcGCThreads                            = 2                                         {product} {ergonomic}
     uint G1ConcRefinementThreads                  = 8                                         {product} {ergonomic}
   size_t G1HeapRegionSize                         = 1048576                                   {product} {ergonomic}
    uintx GCDrainStackTargetSize                   = 64                                        {product} {ergonomic}
   size_t InitialHeapSize                          = 134217728                                 {product} {ergonomic}
   size_t MarkStackSize                            = 4194304                                   {product} {ergonomic}
   size_t MaxHeapSize                              = 2147483648                                {product} {ergonomic}
   size_t MaxNewSize                               = 1287651328                                {product} {ergonomic}
   size_t MinHeapDeltaBytes                        = 1048576                                   {product} {ergonomic}
   size_t MinHeapSize                              = 8388608                                   {product} {ergonomic}
    uintx NonNMethodCodeHeapSize                   = 5839564                                {pd product} {ergonomic}
    uintx NonProfiledCodeHeapSize                  = 122909338                              {pd product} {ergonomic}
    uintx ProfiledCodeHeapSize                     = 122909338                              {pd product} {ergonomic}
    uintx ReservedCodeCacheSize                    = 251658240                              {pd product} {ergonomic}
     bool SegmentedCodeCache                       = true                                      {product} {ergonomic}
     bool ShowCodeDetailsInExceptionMessages       = true                                   {manageable} {command line}
   size_t SoftMaxHeapSize                          = 2147483648                             {manageable} {ergonomic}
     bool UseCompressedClassPointers               = true                           {product lp64_product} {ergonomic}
     bool UseCompressedOops                        = true                           {product lp64_product} {ergonomic}
     bool UseG1GC                                  = true                                      {product} {ergonomic}
     bool UseNUMA                                  = false                                     {product} {ergonomic}
     bool UseNUMAInterleaving                      = false                                     {product} {ergonomic}

Logging:
Log output configuration:
 #0: stdout all=warning uptime,level,tags
 #1: stderr all=off uptime,level,tags

Environment Variables:
JAVA_HOME=/Users/loafdog/wpilib/2023/jdk
PATH=/usr/local/bin:/usr/bin:/bin:/usr/sbin:/sbin:/Users/loafdog/wpilib/2023/jdk/bin
LD_LIBRARY_PATH=/Users/loafdog/frc/repos/RomiReference2023/build/jni/release
SHELL=/opt/homebrew/bin/bash
LANG=en_US.UTF-8
TERM=xterm-256color
TMPDIR=/var/folders/hl/znnlzhl93vzcyrqh8s9llrwm0000gn/T/
DYLD_LIBRARY_PATH=/Users/loafdog/frc/repos/RomiReference2023/build/jni/release

Signal Handlers:
   SIGSEGV: _ZL13crash_handleriP9__siginfoPv in libjvm.dylib, mask=11100110000111110111111111111111, flags=SA_RESTART|SA_SIGINFO
    SIGBUS: _ZL13crash_handleriP9__siginfoPv in libjvm.dylib, mask=11100110000111110111111111111111, flags=SA_RESTART|SA_SIGINFO
    SIGFPE: _ZL13crash_handleriP9__siginfoPv in libjvm.dylib, mask=11100110000111110111111111111111, flags=SA_RESTART|SA_SIGINFO
   SIGPIPE: SIG_IGN, mask=00000000000000000000000000000000, flags=SA_RESTART
  *** Handler was modified!
  *** Expected: _ZL17javaSignalHandleriP9__siginfoPv in libjvm.dylib, mask=11100110100111111111111111111111, flags=SA_RESTART|SA_SIGINFO
   SIGXFSZ: _ZL17javaSignalHandleriP9__siginfoPv in libjvm.dylib, mask=11100110000111110111111111111111, flags=SA_RESTART|SA_SIGINFO
    SIGILL: _ZL13crash_handleriP9__siginfoPv in libjvm.dylib, mask=11100110000111110111111111111111, flags=SA_RESTART|SA_SIGINFO
   SIGUSR2: _ZL10SR_handleriP9__siginfoP17__darwin_ucontext in libjvm.dylib, mask=00000000000000000000000000000000, flags=SA_RESTART|SA_SIGINFO
    SIGHUP: _ZL11UserHandleriPvS_ in libjvm.dylib, mask=11100110000111110111111111111111, flags=SA_RESTART|SA_SIGINFO
    SIGINT: _ZL11UserHandleriPvS_ in libjvm.dylib, mask=11100110000111110111111111111111, flags=SA_RESTART|SA_SIGINFO
   SIGTERM: _ZL11UserHandleriPvS_ in libjvm.dylib, mask=11100110000111110111111111111111, flags=SA_RESTART|SA_SIGINFO
   SIGQUIT: _ZL11UserHandleriPvS_ in libjvm.dylib, mask=11100110000111110111111111111111, flags=SA_RESTART|SA_SIGINFO
  *** Handler was modified!
  *** Expected: _ZL17javaSignalHandleriP9__siginfoPv in libjvm.dylib, mask=11100110100111111111111111111111, flags=SA_RESTART|SA_SIGINFO
   SIGTRAP: _ZL13crash_handleriP9__siginfoPv in libjvm.dylib, mask=11100110000111110111111111111111, flags=SA_RESTART|SA_SIGINFO


---------------  S Y S T E M  ---------------

OS:
uname: Darwin 21.3.0 Darwin Kernel Version 21.3.0: Wed Jan  5 21:37:58 PST 2022; root:xnu-8019.80.24~20/RELEASE_ARM64_T8101 arm64
OS uptime: 11 days 12:19 hours
rlimit (soft/hard): STACK 8176k/65520k , CORE 0k/infinity , NPROC 1333/2000 , NOFILE 10240/infinity , AS infinity/infinity , CPU infinity/infinity , DATA infinity/infinity , FSIZE infinity/infinity , MEMLOCK infinity/infinity , RSS infinity/infinity
load average: 3.36 2.31 1.85

CPU: total 8 (initial active 8) 0x61:0x0:0x1b588bb3:0, fp, simd, crc, lse

Memory: 16k page, physical 8388608k(42880k free), swap 3145728k(1034752k free)

vm_info: OpenJDK 64-Bit Server VM (17.0.5+8) for bsd-aarch64 JRE (17.0.5+8), built on Oct 19 2022 04:38:32 by "temurin" with clang Apple LLVM 12.0.0 (clang-1200.0.32.29)

END.
